
     Program QE-CONVERSE v.7.2 starts on 14Nov2024 at 17:27:40 

     This program is part of the open-source Quantum ESPRESSO suite
     for quantum simulation of materials; please cite
         "P. Giannozzi et al., J. Phys.:Condens. Matter 21 395502 (2009);
         "P. Giannozzi et al., J. Phys.:Condens. Matter 29 465901 (2017);
         "P. Giannozzi et al., J. Chem. Phys. 152 154105 (2020);
          URL http://www.quantum-espresso.org", 
     in publications or presentations arising from this work. More details at
     http://www.quantum-espresso.org/quote

     Parallel version (MPI), running on     6 processors

     MPI processes distributed on     1 nodes
     R & G space division:  proc/nbgrp/npool/nimage =       6
     5587 MiB available memory on the printing compute node when the environment starts


     Reading xml data from directory:

     ./scratch/ch4.save/

     WARNING: libxc functional with ID  101 depends
      on external parameters: check the user_guide of
      QE if you need to modify them or to check their
      default values.

     WARNING: libxc functional with ID  101 is CAM, 
     long range exx is not available yet (if needed).
    [w02] libxc functional with ID  101 is still 
    in development.

     WARNING: libxc functional with ID  101 depends on
      the laplacian of the density, which is currently set
      to zero.

     WARNING: libxc functional with ID  130 depends
      on external parameters: check the user_guide of
      QE if you need to modify them or to check their
      default values.

     WARNING: libxc functional with ID  130 is CAM, 
     long range exx is not available yet (if needed).
    [w02] libxc functional with ID  130 is still 
    in development.

     WARNING: libxc functional with ID  130 depends on
      the laplacian of the density, which is currently set
      to zero.

     IMPORTANT: XC functional enforced from input :
     Exchange-correlation= XC-000I-000I-101L-130L-000I-000I
                           (   0   0 101 130   0   0   0)
     Any further DFT definition will be discarded
     Please, verify this is what you really want


     Parallelization info
     --------------------
     sticks:   dense  smooth     PW     G-vecs:    dense   smooth      PW
     Min        1894    1894    473               151984   151984   18966
     Max        1895    1895    475               151987   151987   18967
     Sum       11369   11369   2845               911913   911913  113801

     Using Slab Decomposition

     Reading collected, re-writing distributed wavefunctions
     GIPAW projectors -----------------------------------------------
     atom=  C    l=0  rc=    1.5400  rs=    1.0267
     atom=  C    l=0  rc=    1.5400  rs=    1.0267
     atom=  C    l=1  rc=    1.5400  rs=    1.0267
     atom=  C    l=1  rc=    1.5400  rs=    1.0267
     projs nearly linearly dependent: l=0  n1,n2= 1, 2  s=  0.99588996
     projs nearly linearly dependent: l=1  n1,n2= 1, 2  s=  0.99890453

     atom=  H    l=0  rc=    0.9000  rs=    0.6000
     atom=  H    l=0  rc=    0.9000  rs=    0.6000
     projs nearly linearly dependent: l=0  n1,n2= 1, 2  s=  0.99953291
     -----------------------------------------------------------------

     GIPAW integrals: -------------------------------------------
     Atom  i/j   nmr_para    nmr_dia     epr_rmc    epr_para     epr_dia
       C   1 1  0.6703E+03  0.3063E+00  0.6451E+01  0.8256E+04  0.4420E+01
       C   2 1  0.7046E+03  0.2837E+00  0.6791E+01  0.8699E+04  0.4425E+01
       C   2 2  0.7405E+03  0.2570E+00  0.7107E+01  0.9166E+04  0.4470E+01
       C   3 3  0.1575E+01  0.6220E-01  0.4343E+00  0.3069E+02  0.8653E+00
       C   4 3  0.1749E+01  0.7880E-01  0.5263E+00  0.3351E+02  0.1047E+01
       C   4 4  0.1939E+01  0.9679E-01  0.6372E+00  0.3657E+02  0.1259E+01
       H   1 1  0.4000E+02  0.5419E-01  0.7825E-01  0.2766E+03  0.1531E+00
       H   2 1  0.4244E+02  0.6121E-01  0.8972E-01  0.2912E+03  0.1765E+00
       H   2 2  0.4503E+02  0.6863E-01  0.1051E+00  0.3066E+03  0.2056E+00
     ------------------------------------------------------------



    Initializing NMR ...

    Allocate A_vec(nrxxs,3)    with dffts%nnr =  328125
    Allocate grad_psi(nrxxs,3) with dffts%nnr =  328125
    Allocate A_0(3,nat)        with nat   =       5

    Magnetic dipole at atom    1
    m_0 = (  1.00  0.00  0.00)  mu_b


    A_0(:,   1):   0.000000E+00  0.000000E+00  0.000000E+00
    A_0(:,   2):   0.000000E+00 -0.487368E-02  0.000000E+00
    A_0(:,   3):   0.000000E+00  0.162456E-02  0.000000E+00
    A_0(:,   4):   0.000000E+00  0.162458E-02 -0.397936E-02
    A_0(:,   5):   0.000000E+00  0.162458E-02  0.397936E-02



     R & G space division:  proc/nbgrp/npool/nimage =       6
     Subspace diagonalization in iterative solution of the eigenvalue problem:
     a serial algorithm will be used



     bravais-lattice index     =            1
     lattice parameter (alat)  =      18.8973  a.u.
     unit-cell volume          =    6748.3345 (a.u.)^3
     number of atoms/cell      =            5
     number of atomic types    =            2
     number of electrons       =         8.00 (up:   4.00, down:   4.00)
     number of Kohn-Sham states=            8
     kinetic-energy cutoff     =     100.0000  Ry
     charge density cutoff     =     400.0000  Ry
     scf convergence threshold =      1.0E-08
     mixing beta               =       0.5000
     number of iterations used =            8  plain     mixing
     Exchange-correlation= XC-000I-000I-101L-130L-000I-000I
                           (   0   0 101 130   0   0   0)

     celldm(1)=  18.897261  celldm(2)=   0.000000  celldm(3)=   0.000000
     celldm(4)=   0.000000  celldm(5)=   0.000000  celldm(6)=   0.000000

     crystal axes: (cart. coord. in units of alat)
               a(1) = (   1.000000   0.000000   0.000000 )  
               a(2) = (   0.000000   1.000000   0.000000 )  
               a(3) = (   0.000000   0.000000   1.000000 )  

     reciprocal axes: (cart. coord. in units 2 pi/alat)
               b(1) = (  1.000000  0.000000  0.000000 )  
               b(2) = (  0.000000  1.000000  0.000000 )  
               b(3) = (  0.000000  0.000000  1.000000 )  


     PseudoPot. # 1 for C  read from file:
     ./pseudo/C.pbe-tm-new-gipaw.UPF
     MD5 check sum: c9fa938d11269a3b0a4c160d8754c0f1
     Pseudo is Norm-conserving, Zval =  4.0
     Generated by new atomic code, or converted to UPF format
     Using radial grid of 1441 points,  1 beta functions with: 
                l(1) =   0

     PseudoPot. # 2 for H  read from file:
     ./pseudo/H.pbe-tm-new-gipaw.UPF
     MD5 check sum: 0e5abdcbf773fd5bd1c97111569d22ab
     Pseudo is Norm-conserving, Zval =  1.0
     Generated by new atomic code, or converted to UPF format
     Using radial grid of 1261 points,  0 beta functions with: 

     atomic species   valence    mass     pseudopotential
        C              4.00    12.01070     C ( 1.00)
        H              1.00     1.00794     H ( 1.00)

     Starting magnetic structure 
     atomic species   magnetization
        C            0.000
        H            0.000

     No symmetry found


                                    s                        frac. trans.

      isym =  1     identity                                     

 cryst.   s( 1) = (     1          0          0      )
                  (     0          1          0      )
                  (     0          0          1      )

 cart.    s( 1) = (  1.0000000  0.0000000  0.0000000 )
                  (  0.0000000  1.0000000  0.0000000 )
                  (  0.0000000  0.0000000  1.0000000 )


     point group C_1 (1)    
     there are  1 classes
     the character table:

       E    
A      1.00

     the symmetry operations in each class and the name of the first element:

     E        1
          identity                                               

   Cartesian axes

     site n.     atom                  positions (alat units)
         1           C   tau(   1) = (   0.0000000   0.0000000   0.0000000  )
         2           H   tau(   2) = (   0.0000000   0.0000000   0.0544500  )
         3           H   tau(   3) = (   0.0513360   0.0000000  -0.0181500  )
         4           H   tau(   4) = (  -0.0256680  -0.0444580  -0.0181500  )
         5           H   tau(   5) = (  -0.0256680   0.0444580  -0.0181500  )

   Crystallographic axes

     site n.     atom                  positions (cryst. coord.)
         1           C   tau(   1) = (  0.0000000  0.0000000  0.0000000  )
         2           H   tau(   2) = (  0.0000000  0.0000000  0.0544500  )
         3           H   tau(   3) = (  0.0513360  0.0000000 -0.0181500  )
         4           H   tau(   4) = ( -0.0256680 -0.0444580 -0.0181500  )
         5           H   tau(   5) = ( -0.0256680  0.0444580 -0.0181500  )

     number of k points=     1  Marzari-Vanderbilt smearing, width (Ry)=  0.0200
                       cart. coord. in units 2pi/alat
        k(    1) = (   0.0000000   0.0000000   0.0000000), wk =   1.0000000

                       cryst. coord.
        k(    1) = (   0.0000000   0.0000000   0.0000000), wk =   1.0000000

     Dense  grid:   911913 G-vectors     FFT dimensions: ( 125, 125, 125)

     Initial potential from superposition of free atoms

     starting charge       6.0000, renormalised to       8.0000

     negative rho (up, down):  7.955E-06 7.955E-06
     Starting wfcs are   16 atomic wfcs

     Self-consistent Calculation

     iteration #  1     ecut=   100.00 Ry     beta= 0.50
     Davidson diagonalization with overlap 

---- Real-time Memory Report at c_bands before calling an iterative solver
           216 MiB given to the printing process from OS
             0 MiB allocation reported by mallinfo(arena+hblkhd)
          4818 MiB available memory on the node where the printing process lives
------------------
     ethr =  1.00E-08,  avg # of iterations = 15.0

     negative rho (up, down):  3.958E-06 3.958E-06

     total energy              =      -2.85506701 Ry
     Harris-Foulkes estimate   =      -4.49063034 Ry
     estimated scf accuracy    <       2.20478660 Ry

     total magnetization       =     0.00 Bohr mag/cell
     absolute magnetization    =     0.00 Bohr mag/cell

     iteration #  2     ecut=   100.00 Ry     beta= 0.50
     Davidson diagonalization with overlap 

---- Real-time Memory Report at c_bands before calling an iterative solver
           258 MiB given to the printing process from OS
             0 MiB allocation reported by mallinfo(arena+hblkhd)
          4144 MiB available memory on the node where the printing process lives
------------------
     ethr =  1.00E-02,  avg # of iterations =  2.0

     WARNING: integrated charge=     8.00001363, expected=     8.00000000

     total energy              =      -3.45000495 Ry
     Harris-Foulkes estimate   =      -3.58338208 Ry
     estimated scf accuracy    <       0.21809377 Ry

     total magnetization       =     0.00 Bohr mag/cell
     absolute magnetization    =     0.00 Bohr mag/cell

     iteration #  3     ecut=   100.00 Ry     beta= 0.50
     Davidson diagonalization with overlap 

---- Real-time Memory Report at c_bands before calling an iterative solver
           268 MiB given to the printing process from OS
             0 MiB allocation reported by mallinfo(arena+hblkhd)
          4077 MiB available memory on the node where the printing process lives
------------------
     ethr =  2.73E-03,  avg # of iterations =  2.0

     WARNING: integrated charge=     8.00000717, expected=     8.00000000

     total energy              =      -3.51296100 Ry
     Harris-Foulkes estimate   =      -3.52409601 Ry
     estimated scf accuracy    <       0.01613830 Ry

     total magnetization       =     0.00 Bohr mag/cell
     absolute magnetization    =     0.00 Bohr mag/cell

     iteration #  4     ecut=   100.00 Ry     beta= 0.50
     Davidson diagonalization with overlap 

---- Real-time Memory Report at c_bands before calling an iterative solver
           277 MiB given to the printing process from OS
             0 MiB allocation reported by mallinfo(arena+hblkhd)
          4003 MiB available memory on the node where the printing process lives
------------------
     ethr =  2.02E-04,  avg # of iterations =  2.0

     WARNING: integrated charge=     8.00000204, expected=     8.00000000

     total energy              =      -3.51732359 Ry
     Harris-Foulkes estimate   =      -3.51806605 Ry
     estimated scf accuracy    <       0.00132025 Ry

     total magnetization       =     0.00 Bohr mag/cell
     absolute magnetization    =     0.00 Bohr mag/cell

     iteration #  5     ecut=   100.00 Ry     beta= 0.50
     Davidson diagonalization with overlap 

---- Real-time Memory Report at c_bands before calling an iterative solver
           286 MiB given to the printing process from OS
             0 MiB allocation reported by mallinfo(arena+hblkhd)
          3936 MiB available memory on the node where the printing process lives
------------------
     ethr =  1.65E-05,  avg # of iterations =  2.0

     total energy              =      -3.51760811 Ry
     Harris-Foulkes estimate   =      -3.51760886 Ry
     estimated scf accuracy    <       0.00000318 Ry

     total magnetization       =     0.00 Bohr mag/cell
     absolute magnetization    =     0.00 Bohr mag/cell

     iteration #  6     ecut=   100.00 Ry     beta= 0.50
     Davidson diagonalization with overlap 

---- Real-time Memory Report at c_bands before calling an iterative solver
           295 MiB given to the printing process from OS
             0 MiB allocation reported by mallinfo(arena+hblkhd)
          3875 MiB available memory on the node where the printing process lives
------------------
     ethr =  3.97E-08,  avg # of iterations =  2.0

     total energy              =      -3.51760853 Ry
     Harris-Foulkes estimate   =      -3.51760901 Ry
     estimated scf accuracy    <       0.00000080 Ry

     total magnetization       =     0.00 Bohr mag/cell
     absolute magnetization    =     0.00 Bohr mag/cell

     iteration #  7     ecut=   100.00 Ry     beta= 0.50
     Davidson diagonalization with overlap 

---- Real-time Memory Report at c_bands before calling an iterative solver
           305 MiB given to the printing process from OS
             0 MiB allocation reported by mallinfo(arena+hblkhd)
          3803 MiB available memory on the node where the printing process lives
------------------
     ethr =  9.94E-09,  avg # of iterations =  2.0

     total energy              =      -3.51760874 Ry
     Harris-Foulkes estimate   =      -3.51760879 Ry
     estimated scf accuracy    <       0.00000008 Ry

     total magnetization       =     0.00 Bohr mag/cell
     absolute magnetization    =     0.00 Bohr mag/cell

     iteration #  8     ecut=   100.00 Ry     beta= 0.50
     Davidson diagonalization with overlap 

---- Real-time Memory Report at c_bands before calling an iterative solver
           314 MiB given to the printing process from OS
             0 MiB allocation reported by mallinfo(arena+hblkhd)
          3747 MiB available memory on the node where the printing process lives
------------------
     ethr =  9.71E-10,  avg # of iterations =  2.0

     End of self-consistent calculation

 ------ SPIN UP ------------


          k = 0.0000 0.0000 0.0000 (113801 PWs)   bands (ev):

   -11.8259  -3.4797  -3.4781  -3.4766   0.2317   1.7266   1.7266   1.7266

     occupation numbers 
     1.0000   1.0000   1.0000   1.0000   0.0000   0.0000   0.0000   0.0000

 ------ SPIN DOWN ----------


          k = 0.0000 0.0000 0.0000 (113801 PWs)   bands (ev):

   -11.8259  -3.4797  -3.4781  -3.4766   0.2317   1.7266   1.7266   1.7266

     occupation numbers 
     1.0000   1.0000   1.0000   1.0000   0.0000   0.0000   0.0000   0.0000

     the spin up/dw Fermi energies are    -1.4881   -1.4881 ev

!    total energy              =      -3.51760876 Ry
     Harris-Foulkes estimate   =      -3.51760876 Ry
     estimated scf accuracy    <          3.1E-09 Ry
     smearing contrib. (-TS)   =       0.00000000 Ry
     internal energy E=F+TS    =      -3.51760876 Ry

     The total energy is F=E-TS. E is the sum of the following terms:
     one-electron contribution =     -60.69883014 Ry
     hartree contribution      =      29.06436744 Ry
     xc contribution           =      -0.53624702 Ry
     ewald contribution        =      28.65310096 Ry

     total magnetization       =     0.00 Bohr mag/cell
     absolute magnetization    =     0.00 Bohr mag/cell

     convergence has been achieved in   8 iterations
     Computing du/dk (single point)
     k-point:   1    occ=  4
           1   1.0000000000000002     
           1   1.0000000000000002     
           2   1.0000000000000002     
           2   1.0000000000000002     
           3   1.0000000000000002     
           3   1.0000000000000002     
     k-point:   2    occ=  4
           1   1.0000000000000002     
           1   1.0000000000000002     
           2   1.0000000000000002     
           2   1.0000000000000002     
           3   1.0000000000000002     
           3   1.0000000000000002     
     done with du/dk   q_gipaw = 0.010000

     Computing the orbital magnetization (bohr mag/cell):
BC: k-point:    1  pool:   1       -0.000003    0.000000    0.000000
LC: k-point:    1  pool:   1        0.000009    0.000000    0.000000
IC: k-point:    1  pool:   1        0.000000    0.000000    0.000000
BC: k-point:    2  pool:   1       -0.000003    0.000000    0.000000
LC: k-point:    2  pool:   1        0.000009    0.000000    0.000000
IC: k-point:    2  pool:   1        0.000000    0.000000    0.000000

     SPIN-ORBIT:
     lambda_so          =       0.000000      0.000000      0.000000

     Berry curvature    =      -0.000005      0.000000      0.000000
     Fermi energy       =      -0.109374 rydberg

     NUCLEAR DIPOLE ON ATOM   1:
     m_0                =       1.414214      0.000000      0.000000

     (without Berry curvature term)
     M_LC               =       0.000035      0.000000      0.000000
     M_IC               =      -0.000428     -0.000000     -0.000000
     Delta_M_bare       =       0.000144     -0.000000      0.000000
     Delta_M_para       =      -0.000001      0.000000      0.000000
     Delta_M_dia        =      -0.000016      0.000000      0.000000
     M_tot              =      -0.000266     -0.000000      0.000000

     (with Berry curvature term)
     M_LC               =       0.000034      0.000000      0.000000
     M_IC               =      -0.000429     -0.000000     -0.000000
     Delta_M            =       0.000126     -0.000000      0.000000
     M_tot              =      -0.000268     -0.000000      0.000000

     NUCLEAR DIPOLE ON ATOM   1 (C  ):
     m_0                =       1.414214      0.000000      0.000000
     Chemical shift (ppm):      133.8409        0.0000       -0.0186
     Core shift     (ppm):      200.5108

     QE-CONVERSE  :     50.38s CPU     52.15s WALL


   This run was terminated on:  17:28:33  14Nov2024            

=------------------------------------------------------------------------------=
   JOB DONE.
=------------------------------------------------------------------------------=
     Initialization:

     read_file    :      1.24s CPU      1.39s WALL (       1 calls)
     gipaw_setup  :      0.06s CPU      0.07s WALL (       1 calls)
     wfcinit      :      1.88s CPU      1.95s WALL (       1 calls)
     hinit0       :      0.09s CPU      0.10s WALL (       1 calls)
     potinit      :      0.77s CPU      0.88s WALL (       1 calls)

     SCF calculation:

     electrons    :     37.95s CPU     39.12s WALL (       1 calls)
     h_psi        :     35.99s CPU     36.94s WALL (     172 calls)

     g-tensor:

     compute_dudk :      1.05s CPU      1.14s WALL (       1 calls)
     orbital_magn :      7.24s CPU      7.40s WALL (       1 calls)
