
     Program QE-CONVERSE v.7.2 starts on 21Nov2024 at 15:47: 5 

     This program is part of the open-source Quantum ESPRESSO suite
     for quantum simulation of materials; please cite
         "P. Giannozzi et al., J. Phys.:Condens. Matter 21 395502 (2009);
         "P. Giannozzi et al., J. Phys.:Condens. Matter 29 465901 (2017);
         "P. Giannozzi et al., J. Chem. Phys. 152 154105 (2020);
          URL http://www.quantum-espresso.org", 
     in publications or presentations arising from this work. More details at
     http://www.quantum-espresso.org/quote

     Parallel version (MPI), running on     6 processors

     MPI processes distributed on     1 nodes
     R & G space division:  proc/nbgrp/npool/nimage =       6
     6657 MiB available memory on the printing compute node when the environment starts


     Reading xml data from directory:

     ./scratch/tif3.save/
     EXX fraction changed:   0.50
     EXX Screening parameter changed:    0.0000000

     IMPORTANT: XC functional enforced from input :
     Exchange-correlation= PBE0
                           (   6   4   8   4   0   0   0)
     EXX-fraction              =        0.50
     Any further DFT definition will be discarded
     Please, verify this is what you really want


     Parallelization info
     --------------------
     sticks:   dense  smooth     PW     G-vecs:    dense   smooth      PW
     Min        1894    1894    473               151984   151984   18966
     Max        1895    1895    475               151987   151987   18967
     Sum       11369   11369   2845               911913   911913  113801

     Using Slab Decomposition

     Reading collected, re-writing distributed wavefunctions
     GIPAW projectors -----------------------------------------------
     atom=  Ti   l=0  rc=    1.2600  rs=    0.8400
     atom=  Ti   l=1  rc=    1.2600  rs=    0.8400
     atom=  Ti   l=2  rc=    1.6600  rs=    1.1067
     atom=  Ti   l=0  rc=    1.2600  rs=    0.8400
     atom=  Ti   l=1  rc=    1.2600  rs=    0.8400
     atom=  Ti   l=2  rc=    1.6600  rs=    1.1067
     projs nearly linearly dependent: l=2  n1,n2= 1, 2  s=  0.99344463

     atom=  F    l=0  rc=    1.3000  rs=    0.8667
     atom=  F    l=0  rc=    1.3000  rs=    0.8667
     atom=  F    l=1  rc=    1.3000  rs=    0.8667
     atom=  F    l=1  rc=    1.3000  rs=    0.8667
     projs nearly linearly dependent: l=1  n1,n2= 1, 2  s=  0.99905671
     -----------------------------------------------------------------

     GIPAW integrals: -------------------------------------------
     Atom  i/j   nmr_para    nmr_dia     epr_rmc    epr_para     epr_dia
       Ti  1 1  0.6305E+04  0.3652E+00  0.2521E+02  0.2789E+06  0.2359E+02
       Ti  2 2  0.5450E+02  0.3681E+00  0.1840E+02  0.2342E+04  0.1907E+02
       Ti  3 3  0.1650E+01  0.1097E+00  0.2210E+01  0.7241E+02  0.4397E+01
       Ti  4 1  0.1170E+05  0.1570E+01  0.4915E+02  0.5171E+06  0.6566E+02
       Ti  4 4  0.2171E+05  0.3539E+01  0.9894E+02  0.9589E+06  0.1333E+03
       Ti  5 2  0.5850E+02  0.3059E+00  0.1935E+02  0.2536E+04  0.2231E+02
       Ti  5 5  0.6275E+02  0.2376E+00  0.2006E+02  0.2746E+04  0.2515E+02
       Ti  6 3  0.2360E+01  0.2593E+00  0.4083E+01  0.9623E+02  0.8047E+01
       Ti  6 6  0.3275E+01  0.4417E+00  0.6682E+01  0.1267E+03  0.1276E+02
       F   1 1  0.1571E+04  0.2356E+00  0.1022E+02  0.2933E+05  0.7430E+01
       F   2 1  0.1399E+04  -.2136E+00  0.8480E+01  0.2647E+05  0.2883E+01
       F   2 2  0.1237E+04  -.6256E+00  0.6011E+01  0.2389E+05  -.7397E+00
       F   3 3  0.6286E+01  0.1462E+00  0.1572E+01  0.1585E+03  0.3125E+01
       F   4 3  0.6897E+01  0.1825E+00  0.1860E+01  0.1713E+03  0.3695E+01
       F   4 4  0.7557E+01  0.2213E+00  0.2191E+01  0.1850E+03  0.4332E+01
     ------------------------------------------------------------


     R & G space division:  proc/nbgrp/npool/nimage =       6
     Subspace diagonalization in iterative solution of the eigenvalue problem:
     a serial algorithm will be used



     bravais-lattice index     =            0
     lattice parameter (alat)  =      18.8973  a.u.
     unit-cell volume          =    6748.3345 (a.u.)^3
     number of atoms/cell      =            4
     number of atomic types    =            2
     number of electrons       =        33.00 (up:  17.00, down:  16.00)
     number of Kohn-Sham states=           17
     kinetic-energy cutoff     =     100.0000  Ry
     charge density cutoff     =     400.0000  Ry
     cutoff for Fock operator  =     100.0000  Ry
     scf convergence threshold =      1.0E-08
     mixing beta               =       0.5000
     number of iterations used =            8  plain     mixing
     Exchange-correlation= PBE0
                           (   6   4   8   4   0   0   0)
     EXX-fraction              =        0.50

     celldm(1)=  18.897261  celldm(2)=   0.000000  celldm(3)=   0.000000
     celldm(4)=   0.000000  celldm(5)=   0.000000  celldm(6)=   0.000000

     crystal axes: (cart. coord. in units of alat)
               a(1) = (   1.000000   0.000000   0.000000 )  
               a(2) = (   0.000000   1.000000   0.000000 )  
               a(3) = (   0.000000   0.000000   1.000000 )  

     reciprocal axes: (cart. coord. in units 2 pi/alat)
               b(1) = (  1.000000  0.000000  0.000000 )  
               b(2) = (  0.000000  1.000000  0.000000 )  
               b(3) = (  0.000000  0.000000  1.000000 )  


     PseudoPot. # 1 for Ti read from file:
     ../pbe/pseudo/Ti.pbe-tm-gipaw-semi-dc.UPF
     MD5 check sum: 0d5e5be629ad81857689d77ece9f3b93
     Pseudo is Norm-conserving, Zval = 12.0
     Generated by new atomic code, or converted to UPF format
     Using radial grid of 1571 points,  2 beta functions with: 
                l(1) =   0
                l(2) =   1

     PseudoPot. # 2 for F  read from file:
     ../pbe/pseudo/F.pbe-tm-new-gipaw-dc.UPF
     MD5 check sum: ce5ef009770ae7616321e2944b9cf54d
     Pseudo is Norm-conserving, Zval =  7.0
     Generated by new atomic code, or converted to UPF format
     Using radial grid of 1481 points,  1 beta functions with: 
                l(1) =   0

     atomic species   valence    mass     pseudopotential
        Ti            12.00    47.86700     Ti( 1.00)
        F              7.00    18.99800     F ( 1.00)

     Starting magnetic structure 
     atomic species   magnetization
        Ti           0.000
        F            0.000

     No symmetry found


                                    s                        frac. trans.

      isym =  1     identity                                     

 cryst.   s( 1) = (     1          0          0      )
                  (     0          1          0      )
                  (     0          0          1      )

 cart.    s( 1) = (  1.0000000  0.0000000  0.0000000 )
                  (  0.0000000  1.0000000  0.0000000 )
                  (  0.0000000  0.0000000  1.0000000 )


   Cartesian axes

     site n.     atom                  positions (alat units)
         1           Ti  tau(   1) = (   0.0000000  -0.0000102   0.0000000  )
         2           F   tau(   2) = (   0.0000000   0.1780047   0.0000000  )
         3           F   tau(   3) = (   0.1541092  -0.0889973   0.0000000  )
         4           F   tau(   4) = (  -0.1541092  -0.0889973   0.0000000  )

   Crystallographic axes

     site n.     atom                  positions (cryst. coord.)
         1           Ti  tau(   1) = (  0.0000000 -0.0000102  0.0000000  )
         2           F   tau(   2) = (  0.0000000  0.1780047  0.0000000  )
         3           F   tau(   3) = (  0.1541092 -0.0889973  0.0000000  )
         4           F   tau(   4) = ( -0.1541092 -0.0889973  0.0000000  )

     number of k points=     1
                       cart. coord. in units 2pi/alat
        k(    1) = (   0.0000000   0.0000000   0.0000000), wk =   1.0000000

                       cryst. coord.
        k(    1) = (   0.0000000   0.0000000   0.0000000), wk =   1.0000000

     Dense  grid:   911913 G-vectors     FFT dimensions: ( 125, 125, 125)

     The initial density is read from file :
     ./scratch/tif3.save/charge-density

     Starting wfcs from file

     Self-consistent Calculation

     iteration #  1     ecut=   100.00 Ry     beta= 0.50
     Davidson diagonalization with overlap 

---- Real-time Memory Report at c_bands before calling an iterative solver
           187 MiB given to the printing process from OS
             0 MiB allocation reported by mallinfo(arena+hblkhd)
          5981 MiB available memory on the node where the printing process lives
------------------
     ethr =  1.00E-08,  avg # of iterations = 20.0

     total energy              =    -236.43105031 Ry
     Harris-Foulkes estimate   =    -243.67759328 Ry
     estimated scf accuracy    <      10.59814411 Ry

     total magnetization       =     1.00 Bohr mag/cell
     absolute magnetization    =     1.26 Bohr mag/cell

     iteration #  2     ecut=   100.00 Ry     beta= 0.50
     Davidson diagonalization with overlap 

---- Real-time Memory Report at c_bands before calling an iterative solver
           237 MiB given to the printing process from OS
             0 MiB allocation reported by mallinfo(arena+hblkhd)
          5365 MiB available memory on the node where the printing process lives
------------------
     ethr =  1.00E-02,  avg # of iterations =  4.0

     total energy              =    -241.34787401 Ry
     Harris-Foulkes estimate   =    -244.71903919 Ry
     estimated scf accuracy    <       7.70701921 Ry

     total magnetization       =     1.00 Bohr mag/cell
     absolute magnetization    =     1.01 Bohr mag/cell

     iteration #  3     ecut=   100.00 Ry     beta= 0.50
     Davidson diagonalization with overlap 

---- Real-time Memory Report at c_bands before calling an iterative solver
           246 MiB given to the printing process from OS
             0 MiB allocation reported by mallinfo(arena+hblkhd)
          5295 MiB available memory on the node where the printing process lives
------------------
     ethr =  1.00E-02,  avg # of iterations =  3.5

     total energy              =    -241.99231012 Ry
     Harris-Foulkes estimate   =    -242.20856630 Ry
     estimated scf accuracy    <       0.63895751 Ry

     total magnetization       =     1.00 Bohr mag/cell
     absolute magnetization    =     1.02 Bohr mag/cell

     iteration #  4     ecut=   100.00 Ry     beta= 0.50
     Davidson diagonalization with overlap 

---- Real-time Memory Report at c_bands before calling an iterative solver
           255 MiB given to the printing process from OS
             0 MiB allocation reported by mallinfo(arena+hblkhd)
          5229 MiB available memory on the node where the printing process lives
------------------
     ethr =  1.94E-03,  avg # of iterations =  4.0

     total energy              =    -242.05861312 Ry
     Harris-Foulkes estimate   =    -242.08296781 Ry
     estimated scf accuracy    <       0.12693058 Ry

     total magnetization       =     1.00 Bohr mag/cell
     absolute magnetization    =     1.04 Bohr mag/cell

     iteration #  5     ecut=   100.00 Ry     beta= 0.50
     Davidson diagonalization with overlap 

---- Real-time Memory Report at c_bands before calling an iterative solver
           265 MiB given to the printing process from OS
             0 MiB allocation reported by mallinfo(arena+hblkhd)
          5175 MiB available memory on the node where the printing process lives
------------------
     ethr =  3.85E-04,  avg # of iterations =  2.0

     total energy              =    -242.03608623 Ry
     Harris-Foulkes estimate   =    -242.06267216 Ry
     estimated scf accuracy    <       0.07478671 Ry

     total magnetization       =     1.00 Bohr mag/cell
     absolute magnetization    =     1.04 Bohr mag/cell

     iteration #  6     ecut=   100.00 Ry     beta= 0.50
     Davidson diagonalization with overlap 

---- Real-time Memory Report at c_bands before calling an iterative solver
           274 MiB given to the printing process from OS
             0 MiB allocation reported by mallinfo(arena+hblkhd)
          5112 MiB available memory on the node where the printing process lives
------------------
     ethr =  2.27E-04,  avg # of iterations =  3.0

     total energy              =    -242.03261186 Ry
     Harris-Foulkes estimate   =    -242.04069331 Ry
     estimated scf accuracy    <       0.01693509 Ry

     total magnetization       =     1.00 Bohr mag/cell
     absolute magnetization    =     1.02 Bohr mag/cell

     iteration #  7     ecut=   100.00 Ry     beta= 0.50
     Davidson diagonalization with overlap 

---- Real-time Memory Report at c_bands before calling an iterative solver
           283 MiB given to the printing process from OS
             0 MiB allocation reported by mallinfo(arena+hblkhd)
          5070 MiB available memory on the node where the printing process lives
------------------
     ethr =  5.13E-05,  avg # of iterations =  4.0

     total energy              =    -242.03461173 Ry
     Harris-Foulkes estimate   =    -242.03685781 Ry
     estimated scf accuracy    <       0.00598169 Ry

     total magnetization       =     1.00 Bohr mag/cell
     absolute magnetization    =     1.02 Bohr mag/cell

     iteration #  8     ecut=   100.00 Ry     beta= 0.50
     Davidson diagonalization with overlap 

---- Real-time Memory Report at c_bands before calling an iterative solver
           293 MiB given to the printing process from OS
             0 MiB allocation reported by mallinfo(arena+hblkhd)
          5014 MiB available memory on the node where the printing process lives
------------------
     ethr =  1.81E-05,  avg # of iterations =  3.5

     total energy              =    -242.03571304 Ry
     Harris-Foulkes estimate   =    -242.03574161 Ry
     estimated scf accuracy    <       0.00007019 Ry

     total magnetization       =     1.00 Bohr mag/cell
     absolute magnetization    =     1.03 Bohr mag/cell

     iteration #  9     ecut=   100.00 Ry     beta= 0.50
     Davidson diagonalization with overlap 

---- Real-time Memory Report at c_bands before calling an iterative solver
           302 MiB given to the printing process from OS
             0 MiB allocation reported by mallinfo(arena+hblkhd)
          4967 MiB available memory on the node where the printing process lives
------------------
     ethr =  2.13E-07,  avg # of iterations =  3.5

     total energy              =    -242.03575389 Ry
     Harris-Foulkes estimate   =    -242.03575836 Ry
     estimated scf accuracy    <       0.00005459 Ry

     total magnetization       =     1.00 Bohr mag/cell
     absolute magnetization    =     1.02 Bohr mag/cell

     iteration # 10     ecut=   100.00 Ry     beta= 0.50
     Davidson diagonalization with overlap 

---- Real-time Memory Report at c_bands before calling an iterative solver
           311 MiB given to the printing process from OS
             0 MiB allocation reported by mallinfo(arena+hblkhd)
          4912 MiB available memory on the node where the printing process lives
------------------
     ethr =  1.65E-07,  avg # of iterations =  4.0

     total energy              =    -242.03576069 Ry
     Harris-Foulkes estimate   =    -242.03576525 Ry
     estimated scf accuracy    <       0.00002395 Ry

     total magnetization       =     1.00 Bohr mag/cell
     absolute magnetization    =     1.03 Bohr mag/cell

     iteration # 11     ecut=   100.00 Ry     beta= 0.50
     Davidson diagonalization with overlap 

---- Real-time Memory Report at c_bands before calling an iterative solver
           311 MiB given to the printing process from OS
             0 MiB allocation reported by mallinfo(arena+hblkhd)
          4824 MiB available memory on the node where the printing process lives
------------------
     ethr =  7.26E-08,  avg # of iterations =  3.5

     total energy              =    -242.03576233 Ry
     Harris-Foulkes estimate   =    -242.03576311 Ry
     estimated scf accuracy    <       0.00000310 Ry

     total magnetization       =     1.00 Bohr mag/cell
     absolute magnetization    =     1.03 Bohr mag/cell

     iteration # 12     ecut=   100.00 Ry     beta= 0.50
     Davidson diagonalization with overlap 

---- Real-time Memory Report at c_bands before calling an iterative solver
           311 MiB given to the printing process from OS
             0 MiB allocation reported by mallinfo(arena+hblkhd)
          4830 MiB available memory on the node where the printing process lives
------------------
     ethr =  9.41E-09,  avg # of iterations =  4.0

     total energy              =    -242.03576302 Ry
     Harris-Foulkes estimate   =    -242.03576308 Ry
     estimated scf accuracy    <       0.00000013 Ry

     total magnetization       =     1.00 Bohr mag/cell
     absolute magnetization    =     1.03 Bohr mag/cell

     iteration # 13     ecut=   100.00 Ry     beta= 0.50
     Davidson diagonalization with overlap 

---- Real-time Memory Report at c_bands before calling an iterative solver
           311 MiB given to the printing process from OS
             0 MiB allocation reported by mallinfo(arena+hblkhd)
          4832 MiB available memory on the node where the printing process lives
------------------
     ethr =  3.94E-10,  avg # of iterations =  4.0

     total energy              =    -242.03576308 Ry
     Harris-Foulkes estimate   =    -242.03576307 Ry
     estimated scf accuracy    <       0.00000002 Ry

     total magnetization       =     1.00 Bohr mag/cell
     absolute magnetization    =     1.03 Bohr mag/cell

     iteration # 14     ecut=   100.00 Ry     beta= 0.50
     Davidson diagonalization with overlap 

---- Real-time Memory Report at c_bands before calling an iterative solver
           311 MiB given to the printing process from OS
             0 MiB allocation reported by mallinfo(arena+hblkhd)
          4836 MiB available memory on the node where the printing process lives
------------------
     ethr =  4.55E-11,  avg # of iterations =  3.5

     End of self-consistent calculation

 ------ SPIN UP ------------


          k = 0.0000 0.0000 0.0000 (113801 PWs)   bands (ev):

   -57.3125 -34.3001 -34.2288 -33.6398 -24.2459 -23.6489 -23.6482  -6.6654
    -6.6647  -6.5815  -6.1055  -6.1047  -5.7729  -5.4889  -5.4868  -5.2668
    -1.4186

     occupation numbers 
     1.0000   1.0000   1.0000   1.0000   1.0000   1.0000   1.0000   1.0000
     1.0000   1.0000   1.0000   1.0000   1.0000   1.0000   1.0000   1.0000
     1.0000

 ------ SPIN DOWN ----------


          k = 0.0000 0.0000 0.0000 (113801 PWs)   bands (ev):

   -57.1711 -34.1863 -34.1244 -33.4443 -24.2453 -23.6429 -23.6423  -6.6524
    -6.6517  -6.5664  -6.0899  -6.0891  -5.7572  -5.4832  -5.4811  -5.2663
    -1.0099

     occupation numbers 
     1.0000   1.0000   1.0000   1.0000   1.0000   1.0000   1.0000   1.0000
     1.0000   1.0000   1.0000   1.0000   1.0000   1.0000   1.0000   1.0000
     0.0000

     highest occupied, lowest unoccupied level (ev):    -1.4186   -1.0099

!    total energy              =    -242.03576308 Ry
     Harris-Foulkes estimate   =    -242.03576309 Ry
     estimated scf accuracy    <          9.9E-10 Ry

     total magnetization       =     1.00 Bohr mag/cell
     absolute magnetization    =     1.03 Bohr mag/cell

     convergence has been achieved in  14 iterations
     Computing du/dk (single point)
     k-point:   1    occ= 17
           1   1.0000000000000002     
           1   1.0000000000000002     
           2   1.0000000000000002     
           2   1.0000000000000002     
           3   1.0000000000000002     
           3   1.0000000000000002     
     k-point:   2    occ= 16
           1   1.0000000000000002     
           1   1.0000000000000002     
           2   1.0000000000000002     
           2   1.0000000000000002     
           3   1.0000000000000002     
           3   1.0000000000000002     
     done with du/dk   q_gipaw = 0.010000

     Computing the orbital magnetization (bohr mag/cell):
BC: k-point:    1  pool:   1        0.000130    0.000000    0.000000
LC: k-point:    1  pool:   1       -0.009508    0.000000   -0.000000
IC: k-point:    1  pool:   1       -0.000137   -0.000000   -0.000000
BC: k-point:    2  pool:   1       -0.000021    0.000000   -0.000000
LC: k-point:    2  pool:   1        0.005326    0.000000    0.000000
IC: k-point:    2  pool:   1        0.000710   -0.000000   -0.000000

     SPIN-ORBIT:
     lambda_so          =       1.000000      0.000000      0.000000

     Berry curvature    =       0.000109      0.000000      0.000000
     Fermi energy       =      -0.245664 rydberg

     NUCLEAR DIPOLE ON ATOM   1:
     m_0                =       0.000000      0.000000      0.000000

     (without Berry curvature term)
     M_LC               =      -0.008364      0.000000     -0.000000
     M_IC               =      -0.007250      0.000000     -0.000000
     Delta_M_bare       =      -0.000671     -0.000000     -0.000000
     Delta_M_para       =       0.000326     -0.000000     -0.000000
     Delta_M_dia        =       0.000027      0.000000      0.000000
     M_tot              =      -0.015932     -0.000000     -0.000000

     (with Berry curvature term)
     M_LC               =      -0.008337      0.000000     -0.000000
     M_IC               =      -0.007224      0.000000     -0.000000
     Delta_M            =      -0.000318     -0.000000     -0.000000
     M_tot              =      -0.015878     -0.000000     -0.000000

     SPIN-ORBIT:
     lambda_so          =       1.000000      0.000000      0.000000
     unpaired electrons =          1
     Contributions to the g-tensor (ppm):
     delta_g RMC        =      -113.3146
     delta_g RMC(GIPAW) =      -115.8462
     delta_g SO         =    -15878.1809       -0.0000       -0.0000

     delta_g total      =    -16107.3417       -0.0000       -0.0000

     QE-CONVERSE  :   2m29.81s CPU   2m34.48s WALL


   This run was terminated on:  15:49:39  21Nov2024            

=------------------------------------------------------------------------------=
   JOB DONE.
=------------------------------------------------------------------------------=
     Initialization:

     read_file    :      1.33s CPU      1.53s WALL (       1 calls)
     gipaw_setup  :      0.07s CPU      0.09s WALL (       1 calls)
     wfcinit      :      0.03s CPU      0.05s WALL (       1 calls)
     hinit0       :      0.12s CPU      0.13s WALL (       1 calls)
     potinit      :      0.73s CPU      0.80s WALL (       1 calls)

     SCF calculation:

     electrons    :    123.63s CPU    127.11s WALL (       1 calls)
     h_psi        :    114.67s CPU    117.65s WALL (     359 calls)
     add_so_valen :     60.48s CPU     61.99s WALL (    1807 calls)
     add_so_Fnl   :     14.08s CPU     14.10s WALL (     359 calls)

     g-tensor:

     compute_dudk :      4.68s CPU      5.10s WALL (       1 calls)
     orbital_magn :     18.85s CPU     19.27s WALL (       1 calls)
