
     Program QE-CONVERSE v.7.2 starts on 21Nov2024 at 11:51:15 

     This program is part of the open-source Quantum ESPRESSO suite
     for quantum simulation of materials; please cite
         "P. Giannozzi et al., J. Phys.:Condens. Matter 21 395502 (2009);
         "P. Giannozzi et al., J. Phys.:Condens. Matter 29 465901 (2017);
         "P. Giannozzi et al., J. Chem. Phys. 152 154105 (2020);
          URL http://www.quantum-espresso.org", 
     in publications or presentations arising from this work. More details at
     http://www.quantum-espresso.org/quote

     Parallel version (MPI), running on     6 processors

     MPI processes distributed on     1 nodes
     R & G space division:  proc/nbgrp/npool/nimage =       6
     4083 MiB available memory on the printing compute node when the environment starts


     Reading xml data from directory:

     ./scratch/h2o+.save/
     EXX fraction changed:   0.20
     EXX Screening parameter changed:    0.0000000

     IMPORTANT: XC functional enforced from input :
     Exchange-correlation= B3LYP
                           (   7  12   9   7   0   0   0)
     EXX-fraction              =        0.20
     Any further DFT definition will be discarded
     Please, verify this is what you really want


     Parallelization info
     --------------------
     sticks:   dense  smooth     PW     G-vecs:    dense   smooth      PW
     Min        2123    2123    529               180125   180125   22507
     Max        2125    2125    531               180126   180126   22508
     Sum       12745   12745   3181              1080751  1080751  135043

     Using Slab Decomposition

     Reading collected, re-writing distributed wavefunctions
     GIPAW projectors -----------------------------------------------
     atom=  O    l=0  rc=    1.4500  rs=    0.9667
     atom=  O    l=0  rc=    1.4500  rs=    0.9667
     atom=  O    l=1  rc=    1.4500  rs=    0.9667
     atom=  O    l=1  rc=    1.4500  rs=    0.9667
     projs nearly linearly dependent: l=1  n1,n2= 1, 2  s= -0.99382826

     atom=  H    l=0  rc=    1.2000  rs=    0.8000
     atom=  H    l=0  rc=    1.2000  rs=    0.8000
     projs nearly linearly dependent: l=0  n1,n2= 1, 2  s= -0.99707079
     -----------------------------------------------------------------

     GIPAW integrals: -------------------------------------------
     Atom  i/j   nmr_para    nmr_dia     epr_rmc    epr_para     epr_dia
       O   1 1  0.9380E+03  0.2180E+00  0.8229E+01  0.1556E+05  0.5946E+01
       O   2 1  -.1118E+04  -.2548E+00  -.9909E+01  -.1862E+05  -.7488E+01
       O   2 2  0.1332E+04  0.2924E+00  0.1201E+02  0.2228E+05  0.9707E+01
       O   3 3  0.4327E+01  0.1258E+00  0.1187E+01  0.9800E+02  0.2374E+01
       O   4 3  -.5270E+01  -.1859E+00  -.1645E+01  -.1161E+03  -.3283E+01
       O   4 4  0.6393E+01  0.2591E+00  0.2261E+01  0.1373E+03  0.4492E+01
       H   1 1  0.2648E+02  0.6611E-01  0.9840E-01  0.1502E+03  0.1969E+00
       H   2 1  -.3024E+02  -.8499E-01  -.1298E+00  -.1686E+03  -.2615E+00
       H   2 2  0.3452E+02  0.1067E+00  0.1791E+00  0.1891E+03  0.3555E+00
     ------------------------------------------------------------


     R & G space division:  proc/nbgrp/npool/nimage =       6
     Subspace diagonalization in iterative solution of the eigenvalue problem:
     a serial algorithm will be used



     bravais-lattice index     =            1
     lattice parameter (alat)  =      20.0000  a.u.
     unit-cell volume          =    8000.0000 (a.u.)^3
     number of atoms/cell      =            3
     number of atomic types    =            2
     number of electrons       =         7.00 (up:   4.00, down:   3.00)
     number of Kohn-Sham states=            4
     kinetic-energy cutoff     =     100.0000  Ry
     charge density cutoff     =     400.0000  Ry
     cutoff for Fock operator  =     100.0000  Ry
     scf convergence threshold =      1.0E-08
     mixing beta               =       0.5000
     number of iterations used =            8  plain     mixing
     Exchange-correlation= B3LYP
                           (   7  12   9   7   0   0   0)
     EXX-fraction              =        0.20

     celldm(1)=  20.000000  celldm(2)=   0.000000  celldm(3)=   0.000000
     celldm(4)=   0.000000  celldm(5)=   0.000000  celldm(6)=   0.000000

     crystal axes: (cart. coord. in units of alat)
               a(1) = (   1.000000   0.000000   0.000000 )  
               a(2) = (   0.000000   1.000000   0.000000 )  
               a(3) = (   0.000000   0.000000   1.000000 )  

     reciprocal axes: (cart. coord. in units 2 pi/alat)
               b(1) = (  1.000000  0.000000  0.000000 )  
               b(2) = (  0.000000  1.000000  0.000000 )  
               b(3) = (  0.000000  0.000000  1.000000 )  


     PseudoPot. # 1 for O  read from file:
     ../pseudo/O.pbe-tm-gipaw.UPF
     MD5 check sum: 12b6f10dd62b8d732352127d12073df4
     Pseudo is Norm-conserving, Zval =  6.0
     Generated by new atomic code, or converted to UPF format
     Using radial grid of 1095 points,  1 beta functions with: 
                l(1) =   0

     PseudoPot. # 2 for H  read from file:
     ../pseudo/H.pbe-tm-gipaw.UPF
     MD5 check sum: 39a9a69d8410949353303b9fcad9eee2
     Pseudo is Norm-conserving, Zval =  1.0
     Generated by new atomic code, or converted to UPF format
     Using radial grid of  929 points,  0 beta functions with: 

     atomic species   valence    mass     pseudopotential
        O              6.00    16.00000     O ( 1.00)
        H              1.00     1.00000     H ( 1.00)

     Starting magnetic structure 
     atomic species   magnetization
        O            0.000
        H            0.000

     No symmetry found


                                    s                        frac. trans.

      isym =  1     identity                                     

 cryst.   s( 1) = (     1          0          0      )
                  (     0          1          0      )
                  (     0          0          1      )

 cart.    s( 1) = (  1.0000000  0.0000000  0.0000000 )
                  (  0.0000000  1.0000000  0.0000000 )
                  (  0.0000000  0.0000000  1.0000000 )


     point group C_1 (1)    
     there are  1 classes
     the character table:

       E    
A      1.00

     the symmetry operations in each class and the name of the first element:

     E        1
          identity                                               

   Cartesian axes

     site n.     atom                  positions (alat units)
         1           O   tau(   1) = (   0.4724315   0.4724315   0.4724315  )
         2           H   tau(   2) = (   0.5499883   0.5262346   0.4724315  )
         3           H   tau(   3) = (   0.3948748   0.5262346   0.4724315  )

   Crystallographic axes

     site n.     atom                  positions (cryst. coord.)
         1           O   tau(   1) = (  0.4724315  0.4724315  0.4724315  )
         2           H   tau(   2) = (  0.5499883  0.5262346  0.4724315  )
         3           H   tau(   3) = (  0.3948748  0.5262346  0.4724315  )

     number of k points=     1
                       cart. coord. in units 2pi/alat
        k(    1) = (   0.0000000   0.0000000   0.0000000), wk =   1.0000000

                       cryst. coord.
        k(    1) = (   0.0000000   0.0000000   0.0000000), wk =   1.0000000

     Dense  grid:  1080751 G-vectors     FFT dimensions: ( 128, 128, 128)

     The initial density is read from file :
     ./scratch/h2o+.save/charge-density

     Starting wfcs from file

     Self-consistent Calculation

     iteration #  1     ecut=   100.00 Ry     beta= 0.50
     Davidson diagonalization with overlap 

---- Real-time Memory Report at c_bands before calling an iterative solver
           190 MiB given to the printing process from OS
             0 MiB allocation reported by mallinfo(arena+hblkhd)
          3500 MiB available memory on the node where the printing process lives
------------------
     ethr =  1.00E-08,  avg # of iterations =  6.0

     Threshold (ethr) on eigenvalues was too large:
     Diagonalizing with lowered threshold

     Davidson diagonalization with overlap 

---- Real-time Memory Report at c_bands before calling an iterative solver
           190 MiB given to the printing process from OS
             0 MiB allocation reported by mallinfo(arena+hblkhd)
          3267 MiB available memory on the node where the printing process lives
------------------
     ethr =  1.75E-10,  avg # of iterations =  1.0

     total energy              =     -32.14744657 Ry
     Harris-Foulkes estimate   =     -32.14744658 Ry
     estimated scf accuracy    <       0.00000001 Ry

     total magnetization       =     1.00 Bohr mag/cell
     absolute magnetization    =     1.04 Bohr mag/cell

     iteration #  2     ecut=   100.00 Ry     beta= 0.50
     Davidson diagonalization with overlap 

---- Real-time Memory Report at c_bands before calling an iterative solver
           238 MiB given to the printing process from OS
             0 MiB allocation reported by mallinfo(arena+hblkhd)
          2811 MiB available memory on the node where the printing process lives
------------------
     ethr =  1.76E-10,  avg # of iterations =  2.0

     End of self-consistent calculation

 ------ SPIN UP ------------


          k = 0.0000 0.0000 0.0000 (135043 PWs)   bands (ev):

   -31.9419 -19.2349 -15.5913 -15.3058

     occupation numbers 
     1.0000   1.0000   1.0000   1.0000

 ------ SPIN DOWN ----------


          k = 0.0000 0.0000 0.0000 (135043 PWs)   bands (ev):

   -30.7222 -18.8588 -14.7888 -12.5825

     occupation numbers 
     1.0000   1.0000   1.0000   0.0000

     highest occupied, lowest unoccupied level (ev):   -14.7888  -12.5825

!    total energy              =     -32.14744657 Ry
     Harris-Foulkes estimate   =     -32.14744657 Ry
     estimated scf accuracy    <          7.8E-10 Ry

     total magnetization       =     1.00 Bohr mag/cell
     absolute magnetization    =     1.04 Bohr mag/cell

     convergence has been achieved in   2 iterations
     Computing du/dk (single point)
     k-point:   1    occ=  4
           1   1.0000000000000000     
           1   1.0000000000000000     
           2   1.0000000000000000     
           2   1.0000000000000000     
           3   1.0000000000000000     
           3   1.0000000000000000     
     k-point:   2    occ=  3
           1   1.0000000000000000     
           1   1.0000000000000000     
           2   1.0000000000000000     
           2   1.0000000000000000     
           3   1.0000000000000000     
           3   1.0000000000000000     
     done with du/dk   q_gipaw = 0.010000

     Computing the orbital magnetization (bohr mag/cell):
BC: k-point:    1  pool:   1       -0.000000    0.000000    0.000001
LC: k-point:    1  pool:   1       -0.000000    0.000000   -0.000306
IC: k-point:    1  pool:   1       -0.000000   -0.000000   -0.001248
BC: k-point:    2  pool:   1       -0.000000   -0.000000   -0.000002
LC: k-point:    2  pool:   1       -0.000000   -0.000000    0.000354
IC: k-point:    2  pool:   1        0.000000    0.000000    0.001182

     SPIN-ORBIT:
     lambda_so          =       0.000000      0.000000      1.000000

     Berry curvature    =      -0.000000      0.000000     -0.000000
     Fermi energy       =      -1.105957 rydberg

     NUCLEAR DIPOLE ON ATOM   1:
     m_0                =       0.000000      0.000000      0.000000

     (without Berry curvature term)
     M_LC               =      -0.000000     -0.000000      0.000096
     M_IC               =      -0.000000      0.000000     -0.000014
     Delta_M_bare       =       0.000000     -0.000000     -0.000005
     Delta_M_para       =       0.000000     -0.000000     -0.000003
     Delta_M_dia        =       0.000000      0.000000      0.000012
     M_tot              =      -0.000000     -0.000000      0.000086

     (with Berry curvature term)
     M_LC               =      -0.000000     -0.000000      0.000095
     M_IC               =      -0.000000      0.000000     -0.000014
     Delta_M            =       0.000000     -0.000000      0.000004
     M_tot              =      -0.000000     -0.000000      0.000085

     SPIN-ORBIT:
     lambda_so          =       0.000000      0.000000      1.000000
     unpaired electrons =          1
     Contributions to the g-tensor (ppm):
     delta_g RMC        =      -257.2220
     delta_g RMC(GIPAW) =       -42.3913
     delta_g SO         =        -0.0001       -0.0029       85.3922

     delta_g total      =        -0.0001       -0.0029     -214.2210

     QE-CONVERSE  :     15.54s CPU     16.35s WALL


   This run was terminated on:  11:51:31  21Nov2024            

=------------------------------------------------------------------------------=
   JOB DONE.
=------------------------------------------------------------------------------=
     Initialization:

     read_file    :      1.38s CPU      1.56s WALL (       1 calls)
     gipaw_setup  :      0.05s CPU      0.06s WALL (       1 calls)
     wfcinit      :      0.01s CPU      0.02s WALL (       1 calls)
     hinit0       :      0.07s CPU      0.08s WALL (       1 calls)
     potinit      :      0.79s CPU      0.89s WALL (       1 calls)

     SCF calculation:

     electrons    :      8.35s CPU      8.70s WALL (       1 calls)
     h_psi        :      8.74s CPU      8.99s WALL (      66 calls)
     add_so_valen :      4.63s CPU      4.75s WALL (     132 calls)
     add_so_Fnl   :      1.04s CPU      1.05s WALL (      66 calls)

     g-tensor:

     compute_dudk :      0.92s CPU      0.95s WALL (       1 calls)
     orbital_magn :      3.61s CPU      3.72s WALL (       1 calls)
