
     Program QE-CONVERSE v.7.2 starts on 14Nov2024 at 16:39:51 

     This program is part of the open-source Quantum ESPRESSO suite
     for quantum simulation of materials; please cite
         "P. Giannozzi et al., J. Phys.:Condens. Matter 21 395502 (2009);
         "P. Giannozzi et al., J. Phys.:Condens. Matter 29 465901 (2017);
         "P. Giannozzi et al., J. Chem. Phys. 152 154105 (2020);
          URL http://www.quantum-espresso.org", 
     in publications or presentations arising from this work. More details at
     http://www.quantum-espresso.org/quote

     Parallel version (MPI), running on     6 processors

     MPI processes distributed on     1 nodes
     R & G space division:  proc/nbgrp/npool/nimage =       6
     6443 MiB available memory on the printing compute node when the environment starts


     Reading xml data from directory:

     ./scratch/quartz.save/

     IMPORTANT: XC functional enforced from input :
     Exchange-correlation= PBE
                           (   1   4   3   4   0   0   0)
     Any further DFT definition will be discarded
     Please, verify this is what you really want


     Parallelization info
     --------------------
     sticks:   dense  smooth     PW     G-vecs:    dense   smooth      PW
     Min         277     277     70                10051    10051    1274
     Max         278     278     71                10054    10054    1277
     Sum        1663    1663    421                60313    60313    7647

     Using Slab Decomposition

     Reading collected, re-writing distributed wavefunctions
     GIPAW projectors -----------------------------------------------
     atom=  Si   l=0  rc=    2.0000  rs=    1.3333
     atom=  Si   l=0  rc=    2.0000  rs=    1.3333
     atom=  Si   l=1  rc=    2.0000  rs=    1.3333
     atom=  Si   l=1  rc=    2.0000  rs=    1.3333
     atom=  Si   l=2  rc=    2.0000  rs=    1.3333
     atom=  Si   l=2  rc=    2.0000  rs=    1.3333
     projs nearly linearly dependent: l=1  n1,n2= 1, 2  s=  0.99854623
     projs nearly linearly dependent: l=2  n1,n2= 1, 2  s=  0.99998260

     atom=  O    l=0  rc=    1.4000  rs=    0.9333
     atom=  O    l=0  rc=    1.4000  rs=    0.9333
     atom=  O    l=1  rc=    1.4000  rs=    0.9333
     atom=  O    l=1  rc=    1.4000  rs=    0.9333
     projs nearly linearly dependent: l=1  n1,n2= 1, 2  s=  0.99858905
     -----------------------------------------------------------------

     GIPAW integrals: -------------------------------------------
     Atom  i/j   nmr_para    nmr_dia     epr_rmc    epr_para     epr_dia
       Si  1 1  0.1165E+04  0.2849E+00  0.9094E+01  0.3278E+05  0.8870E+01
       Si  2 1  -.1179E+04  -.2197E+00  -.9305E+01  -.3324E+05  -.8737E+01
       Si  2 2  0.1192E+04  0.1211E+00  0.9407E+01  0.3371E+05  0.8584E+01
       Si  3 3  0.1393E+02  0.3232E+00  0.7840E+01  0.3596E+03  0.8884E+01
       Si  4 3  0.1404E+02  0.3109E+00  0.7880E+01  0.3633E+03  0.8818E+01
       Si  4 4  0.1414E+02  0.2976E+00  0.7912E+01  0.3671E+03  0.8759E+01
       Si  5 5  0.1290E+00  0.1880E-01  0.1957E+00  0.4041E+01  0.3892E+00
       Si  6 5  0.1313E+00  0.1949E-01  0.2010E+00  0.4104E+01  0.3999E+00
       Si  6 6  0.1336E+00  0.2020E-01  0.2065E+00  0.4168E+01  0.4110E+00
       O   1 1  0.1149E+04  0.2316E+00  0.8411E+01  0.1903E+05  0.5983E+01
       O   2 1  0.1170E+04  0.4805E-01  0.8370E+01  0.1952E+05  0.4733E+01
       O   2 2  0.1189E+04  -.1472E+00  0.7956E+01  0.2002E+05  0.3721E+01
       O   3 3  0.4175E+01  0.1179E+00  0.1114E+01  0.9580E+02  0.2214E+01
       O   4 3  0.4686E+01  0.1552E+00  0.1377E+01  0.1054E+03  0.2733E+01
       O   4 4  0.5248E+01  0.1959E+00  0.1691E+01  0.1160E+03  0.3329E+01
     ------------------------------------------------------------



    Initializing NMR ...

    Allocate A_vec(nrxxs,3)    with dffts%nnr =   25000
    Allocate grad_psi(nrxxs,3) with dffts%nnr =   25000
    Allocate A_0(3,nat)        with nat   =       9

    Magnetic dipole at atom    1
    m_0 = (  0.00  0.00  1.00)  mu_b


    A_0(:,   1):   0.000000E+00  0.000000E+00  0.000000E+00
    A_0(:,   2):  -0.684666E-04  0.000000E+00  0.000000E+00
    A_0(:,   3):  -0.342336E-04 -0.592940E-04  0.000000E+00
    A_0(:,   4):  -0.480749E-03  0.181151E-03  0.000000E+00
    A_0(:,   5):  -0.736421E-04 -0.284249E-04  0.000000E+00
    A_0(:,   6):  -0.196343E-04 -0.576299E-04  0.000000E+00
    A_0(:,   7):  -0.597260E-04  0.118111E-04  0.000000E+00
    A_0(:,   8):  -0.834929E-04 -0.506919E-03  0.000000E+00
    A_0(:,   9):  -0.614381E-04 -0.495634E-04  0.000000E+00



     R & G space division:  proc/nbgrp/npool/nimage =       6
     Subspace diagonalization in iterative solution of the eigenvalue problem:
     a serial algorithm will be used



     bravais-lattice index     =            0
     lattice parameter (alat)  =       4.6415  a.u.
     unit-cell volume          =     762.0804 (a.u.)^3
     number of atoms/cell      =            9
     number of atomic types    =            2
     number of electrons       =        48.00
     number of Kohn-Sham states=           25
     kinetic-energy cutoff     =      70.0000  Ry
     charge density cutoff     =     280.0000  Ry
     scf convergence threshold =      1.0E-08
     mixing beta               =       0.5000
     number of iterations used =            8  plain     mixing
     Exchange-correlation= PBE
                           (   1   4   3   4   0   0   0)

     celldm(1)=   4.641538  celldm(2)=   0.000000  celldm(3)=   0.000000
     celldm(4)=   0.000000  celldm(5)=   0.000000  celldm(6)=   0.000000

     crystal axes: (cart. coord. in units of alat)
               a(1) = (   1.000000  -1.732058   0.000000 )  
               a(2) = (   1.000000   1.732058   0.000000 )  
               a(3) = (   0.000000   0.000000   2.200000 )  

     reciprocal axes: (cart. coord. in units 2 pi/alat)
               b(1) = (  0.500000 -0.288674  0.000000 )  
               b(2) = (  0.500000  0.288674 -0.000000 )  
               b(3) = ( -0.000000  0.000000  0.454545 )  


     PseudoPot. # 1 for Si read from file:
     ./pseudo/Si.pbe-tm-gipaw.UPF
     MD5 check sum: 744ed8b2dc623e0d56f5dfff7afbe95f
     Pseudo is Norm-conserving, Zval =  4.0
     Generated by new atomic code, or converted to UPF format
     Using radial grid of 1141 points,  2 beta functions with: 
                l(1) =   0
                l(2) =   1

     PseudoPot. # 2 for O  read from file:
     ./pseudo/O.pbe-tm-new-gipaw.UPF
     MD5 check sum: cd70c9dcf1f7d755502eb127a1501eea
     Pseudo is Norm-conserving, Zval =  6.0
     Generated by new atomic code, or converted to UPF format
     Using radial grid of 1469 points,  1 beta functions with: 
                l(1) =   0

     atomic species   valence    mass     pseudopotential
        Si             4.00    28.08600     Si( 1.00)
        O              6.00    15.99900     O ( 1.00)

     No symmetry found


                                    s                        frac. trans.

      isym =  1     identity                                     

 cryst.   s( 1) = (     1          0          0      )
                  (     0          1          0      )
                  (     0          0          1      )

 cart.    s( 1) = (  1.0000000  0.0000000  0.0000000 )
                  (  0.0000000  1.0000000  0.0000000 )
                  (  0.0000000  0.0000000  1.0000000 )


   Cartesian axes

     site n.     atom                  positions (alat units)
         1           Si  tau(   1) = (   0.4701000  -0.8142405   0.7333333  )
         2           Si  tau(   2) = (   0.4701000   0.8142405   1.4666667  )
         3           Si  tau(   3) = (  -0.9402000   0.0000000   0.0000000  )
         4           O   tau(   4) = (   0.6813000  -0.2537465   0.4716800  )
         5           O   tau(   5) = (  -0.1209000   0.7168988   1.2050133  )
         6           O   tau(   6) = (  -0.5604000  -0.4631523   1.9383467  )
         7           O   tau(   7) = (   0.6813000   0.2537465  -0.4716800  )
         8           O   tau(   8) = (  -0.1209000  -0.7168988   0.9949867  )
         9           O   tau(   9) = (  -0.5604000   0.4631523   0.2616533  )

   Crystallographic axes

     site n.     atom                  positions (cryst. coord.)
         1           Si  tau(   1) = (  0.4701000  0.0000000  0.3333333  )
         2           Si  tau(   2) = (  0.0000000  0.4701000  0.6666667  )
         3           Si  tau(   3) = ( -0.4701000 -0.4701000  0.0000000  )
         4           O   tau(   4) = (  0.4139000  0.2674000  0.2144000  )
         5           O   tau(   5) = ( -0.2674000  0.1465000  0.5477333  )
         6           O   tau(   6) = ( -0.1465000 -0.4139000  0.8810667  )
         7           O   tau(   7) = (  0.2674000  0.4139000 -0.2144000  )
         8           O   tau(   8) = (  0.1465000 -0.2674000  0.4522667  )
         9           O   tau(   9) = ( -0.4139000 -0.1465000  0.1189333  )

     number of k points=     1
                       cart. coord. in units 2pi/alat
        k(    1) = (   0.0000000   0.0000000   0.0000000), wk =   2.0000000

                       cryst. coord.
        k(    1) = (   0.0000000   0.0000000   0.0000000), wk =   2.0000000

     Dense  grid:    60313 G-vectors     FFT dimensions: (  50,  50,  60)

     Initial potential from superposition of free atoms

     starting charge      46.4147, renormalised to      48.0000
     Starting wfcs are   75 atomic wfcs

     Self-consistent Calculation

     iteration #  1     ecut=    70.00 Ry     beta= 0.50
     Davidson diagonalization with overlap 

---- Real-time Memory Report at c_bands before calling an iterative solver
            46 MiB given to the printing process from OS
             0 MiB allocation reported by mallinfo(arena+hblkhd)
          6345 MiB available memory on the node where the printing process lives
------------------
     ethr =  1.00E-08,  avg # of iterations =  7.0

     total energy              =    -216.22520469 Ry
     Harris-Foulkes estimate   =    -216.76513569 Ry
     estimated scf accuracy    <       1.04230363 Ry

     iteration #  2     ecut=    70.00 Ry     beta= 0.50
     Davidson diagonalization with overlap 

---- Real-time Memory Report at c_bands before calling an iterative solver
            49 MiB given to the printing process from OS
             0 MiB allocation reported by mallinfo(arena+hblkhd)
          6344 MiB available memory on the node where the printing process lives
------------------
     ethr =  2.17E-03,  avg # of iterations =  2.0

     total energy              =    -216.46984320 Ry
     Harris-Foulkes estimate   =    -216.50020727 Ry
     estimated scf accuracy    <       0.10142241 Ry

     iteration #  3     ecut=    70.00 Ry     beta= 0.50
     Davidson diagonalization with overlap 

---- Real-time Memory Report at c_bands before calling an iterative solver
            49 MiB given to the printing process from OS
             0 MiB allocation reported by mallinfo(arena+hblkhd)
          6342 MiB available memory on the node where the printing process lives
------------------
     ethr =  2.11E-04,  avg # of iterations =  2.0

     total energy              =    -216.48836589 Ry
     Harris-Foulkes estimate   =    -216.48502497 Ry
     estimated scf accuracy    <       0.01283723 Ry

     iteration #  4     ecut=    70.00 Ry     beta= 0.50
     Davidson diagonalization with overlap 

---- Real-time Memory Report at c_bands before calling an iterative solver
            49 MiB given to the printing process from OS
             0 MiB allocation reported by mallinfo(arena+hblkhd)
          6341 MiB available memory on the node where the printing process lives
------------------
     ethr =  2.67E-05,  avg # of iterations =  1.0

     total energy              =    -216.48903496 Ry
     Harris-Foulkes estimate   =    -216.48900674 Ry
     estimated scf accuracy    <       0.00008227 Ry

     iteration #  5     ecut=    70.00 Ry     beta= 0.50
     Davidson diagonalization with overlap 

---- Real-time Memory Report at c_bands before calling an iterative solver
            49 MiB given to the printing process from OS
             0 MiB allocation reported by mallinfo(arena+hblkhd)
          6355 MiB available memory on the node where the printing process lives
------------------
     ethr =  1.71E-07,  avg # of iterations =  3.0

     total energy              =    -216.48908208 Ry
     Harris-Foulkes estimate   =    -216.48909571 Ry
     estimated scf accuracy    <       0.00005811 Ry

     iteration #  6     ecut=    70.00 Ry     beta= 0.50
     Davidson diagonalization with overlap 

---- Real-time Memory Report at c_bands before calling an iterative solver
            49 MiB given to the printing process from OS
             0 MiB allocation reported by mallinfo(arena+hblkhd)
          6352 MiB available memory on the node where the printing process lives
------------------
     ethr =  1.21E-07,  avg # of iterations =  2.0

     total energy              =    -216.48909613 Ry
     Harris-Foulkes estimate   =    -216.48911215 Ry
     estimated scf accuracy    <       0.00003475 Ry

     iteration #  7     ecut=    70.00 Ry     beta= 0.50
     Davidson diagonalization with overlap 

---- Real-time Memory Report at c_bands before calling an iterative solver
            49 MiB given to the printing process from OS
             0 MiB allocation reported by mallinfo(arena+hblkhd)
          6351 MiB available memory on the node where the printing process lives
------------------
     ethr =  7.24E-08,  avg # of iterations =  2.0

     total energy              =    -216.48910051 Ry
     Harris-Foulkes estimate   =    -216.48910084 Ry
     estimated scf accuracy    <       0.00000109 Ry

     iteration #  8     ecut=    70.00 Ry     beta= 0.50
     Davidson diagonalization with overlap 

---- Real-time Memory Report at c_bands before calling an iterative solver
            49 MiB given to the printing process from OS
             0 MiB allocation reported by mallinfo(arena+hblkhd)
          6349 MiB available memory on the node where the printing process lives
------------------
     ethr =  2.27E-09,  avg # of iterations =  2.0

     total energy              =    -216.48910067 Ry
     Harris-Foulkes estimate   =    -216.48910070 Ry
     estimated scf accuracy    <       0.00000005 Ry

     iteration #  9     ecut=    70.00 Ry     beta= 0.50
     Davidson diagonalization with overlap 

---- Real-time Memory Report at c_bands before calling an iterative solver
            49 MiB given to the printing process from OS
             0 MiB allocation reported by mallinfo(arena+hblkhd)
          6347 MiB available memory on the node where the printing process lives
------------------
     ethr =  1.06E-10,  avg # of iterations =  2.0

     End of self-consistent calculation

          k = 0.0000 0.0000 0.0000 (  7647 PWs)   bands (ev):

   -16.8091 -15.2534 -15.2534 -14.6024 -14.5578 -14.5576  -5.6500  -5.6500
    -2.8484  -2.8182  -2.6578  -2.6571  -0.3493  -0.3493  -0.0975   0.1556
     1.1037   1.1037   1.1232   1.6046   1.6046   1.9218   2.2888   2.2888
     8.6662

     occupation numbers 
     1.0000   1.0000   1.0000   1.0000   1.0000   1.0000   1.0000   1.0000
     1.0000   1.0000   1.0000   1.0000   1.0000   1.0000   1.0000   1.0000
     1.0000   1.0000   1.0000   1.0000   1.0000   1.0000   1.0000   1.0000
     0.0000

     highest occupied, lowest unoccupied level (ev):     2.2888    8.6662

!    total energy              =    -216.48910069 Ry
     Harris-Foulkes estimate   =    -216.48910069 Ry
     estimated scf accuracy    <          9.9E-10 Ry

     The total energy is the sum of the following terms:
     one-electron contribution =    -104.58560398 Ry
     hartree contribution      =      77.92570937 Ry
     xc contribution           =     -50.86724166 Ry
     ewald contribution        =    -138.96196441 Ry

     convergence has been achieved in   9 iterations
     Computing du/dk (single point)
     k-point:   1    occ= 24
           1  0.42650185994491041     
           1  0.42650185994491041     
           2  0.42650185994491041     
           2  0.42650185994491041     
           3  0.33578348568290306     
           3  0.33578348568290306     
     done with du/dk   q_gipaw = 0.010000

     Computing the orbital magnetization (bohr mag/cell):
BC: k-point:    1  pool:   1        0.000000    0.000000   -0.000000
LC: k-point:    1  pool:   1       -0.000001   -0.000001    0.000101
IC: k-point:    1  pool:   1       -0.000000    0.000000    0.000000

     SPIN-ORBIT:
     lambda_so          =       0.000000      0.000000      0.000000

     Berry curvature    =       0.000000      0.000000     -0.000000
     Fermi energy       =       0.402589 rydberg

     NUCLEAR DIPOLE ON ATOM   1:
     m_0                =       0.000000      0.000000      1.414214

     (without Berry curvature term)
     M_LC               =      -0.000002     -0.000001      0.000202
     M_IC               =       0.000000      0.000000      0.000000
     Delta_M_bare       =      -0.000000     -0.000000     -0.000000
     Delta_M_para       =       0.000000      0.000000      0.000260
     Delta_M_dia        =       0.000000      0.000000     -0.000011
     M_tot              =      -0.000002     -0.000001      0.000452

     (with Berry curvature term)
     M_LC               =      -0.000002     -0.000001      0.000202
     M_IC               =       0.000000      0.000000      0.000000
     Delta_M            =       0.000000      0.000000      0.000249
     M_tot              =      -0.000002     -0.000001      0.000452

     NUCLEAR DIPOLE ON ATOM   1 (Si ):
     m_0                =       0.000000      0.000000      1.414214
     Chemical shift (ppm):        0.8261        0.4762     -225.9145
     Core shift     (ppm):      837.9127

     QE-CONVERSE  :      4.25s CPU      4.37s WALL


   This run was terminated on:  16:39:55  14Nov2024            

=------------------------------------------------------------------------------=
   JOB DONE.
=------------------------------------------------------------------------------=
     Initialization:

     read_file    :      0.26s CPU      0.27s WALL (       1 calls)
     gipaw_setup  :      0.05s CPU      0.05s WALL (       1 calls)
     wfcinit      :      0.26s CPU      0.26s WALL (       1 calls)
     hinit0       :      0.13s CPU      0.13s WALL (       1 calls)
     potinit      :      0.18s CPU      0.18s WALL (       1 calls)

     SCF calculation:

     electrons    :      2.41s CPU      2.49s WALL (       1 calls)
     h_psi        :      2.80s CPU      2.89s WALL (     177 calls)

     g-tensor:

     compute_dudk :      0.17s CPU      0.18s WALL (       1 calls)
     orbital_magn :      0.80s CPU      0.81s WALL (       1 calls)
