
     Program QE-CONVERSE v.7.2 starts on 21Nov2024 at 16: 3: 0 

     This program is part of the open-source Quantum ESPRESSO suite
     for quantum simulation of materials; please cite
         "P. Giannozzi et al., J. Phys.:Condens. Matter 21 395502 (2009);
         "P. Giannozzi et al., J. Phys.:Condens. Matter 29 465901 (2017);
         "P. Giannozzi et al., J. Chem. Phys. 152 154105 (2020);
          URL http://www.quantum-espresso.org", 
     in publications or presentations arising from this work. More details at
     http://www.quantum-espresso.org/quote

     Parallel version (MPI), running on     6 processors

     MPI processes distributed on     1 nodes
     R & G space division:  proc/nbgrp/npool/nimage =       6
     7557 MiB available memory on the printing compute node when the environment starts


     Reading xml data from directory:

     ./scratch/tif3.save/

     IMPORTANT: XC functional enforced from input :
     Exchange-correlation= BP
                           (   1   1   1   1   0   0   0)
     Any further DFT definition will be discarded
     Please, verify this is what you really want


     Parallelization info
     --------------------
     sticks:   dense  smooth     PW     G-vecs:    dense   smooth      PW
     Min        1894    1894    473               151984   151984   18966
     Max        1895    1895    475               151987   151987   18967
     Sum       11369   11369   2845               911913   911913  113801

     Using Slab Decomposition

     Reading collected, re-writing distributed wavefunctions
     GIPAW projectors -----------------------------------------------
     atom=  Ti   l=0  rc=    1.2600  rs=    0.8400
     atom=  Ti   l=1  rc=    1.2600  rs=    0.8400
     atom=  Ti   l=2  rc=    1.6600  rs=    1.1067
     atom=  Ti   l=0  rc=    1.2600  rs=    0.8400
     atom=  Ti   l=1  rc=    1.2600  rs=    0.8400
     atom=  Ti   l=2  rc=    1.6600  rs=    1.1067
     projs nearly linearly dependent: l=2  n1,n2= 1, 2  s=  0.99344463

     atom=  F    l=0  rc=    1.3000  rs=    0.8667
     atom=  F    l=0  rc=    1.3000  rs=    0.8667
     atom=  F    l=1  rc=    1.3000  rs=    0.8667
     atom=  F    l=1  rc=    1.3000  rs=    0.8667
     projs nearly linearly dependent: l=1  n1,n2= 1, 2  s=  0.99905671
     -----------------------------------------------------------------

     GIPAW integrals: -------------------------------------------
     Atom  i/j   nmr_para    nmr_dia     epr_rmc    epr_para     epr_dia
       Ti  1 1  0.6305E+04  0.3652E+00  0.2521E+02  0.2789E+06  0.2359E+02
       Ti  2 2  0.5450E+02  0.3681E+00  0.1840E+02  0.2342E+04  0.1907E+02
       Ti  3 3  0.1650E+01  0.1097E+00  0.2210E+01  0.7241E+02  0.4397E+01
       Ti  4 1  0.1170E+05  0.1570E+01  0.4915E+02  0.5171E+06  0.6566E+02
       Ti  4 4  0.2171E+05  0.3539E+01  0.9894E+02  0.9589E+06  0.1333E+03
       Ti  5 2  0.5850E+02  0.3059E+00  0.1935E+02  0.2536E+04  0.2231E+02
       Ti  5 5  0.6275E+02  0.2376E+00  0.2006E+02  0.2746E+04  0.2515E+02
       Ti  6 3  0.2360E+01  0.2593E+00  0.4083E+01  0.9623E+02  0.8047E+01
       Ti  6 6  0.3275E+01  0.4417E+00  0.6682E+01  0.1267E+03  0.1276E+02
       F   1 1  0.1571E+04  0.2356E+00  0.1022E+02  0.2933E+05  0.7430E+01
       F   2 1  0.1399E+04  -.2136E+00  0.8480E+01  0.2647E+05  0.2883E+01
       F   2 2  0.1237E+04  -.6256E+00  0.6011E+01  0.2389E+05  -.7397E+00
       F   3 3  0.6286E+01  0.1462E+00  0.1572E+01  0.1585E+03  0.3125E+01
       F   4 3  0.6897E+01  0.1825E+00  0.1860E+01  0.1713E+03  0.3695E+01
       F   4 4  0.7557E+01  0.2213E+00  0.2191E+01  0.1850E+03  0.4332E+01
     ------------------------------------------------------------


     R & G space division:  proc/nbgrp/npool/nimage =       6
     Subspace diagonalization in iterative solution of the eigenvalue problem:
     a serial algorithm will be used



     bravais-lattice index     =            0
     lattice parameter (alat)  =      18.8973  a.u.
     unit-cell volume          =    6748.3345 (a.u.)^3
     number of atoms/cell      =            4
     number of atomic types    =            2
     number of electrons       =        33.00 (up:  17.00, down:  16.00)
     number of Kohn-Sham states=           17
     kinetic-energy cutoff     =     100.0000  Ry
     charge density cutoff     =     400.0000  Ry
     scf convergence threshold =      1.0E-08
     mixing beta               =       0.5000
     number of iterations used =            8  plain     mixing
     Exchange-correlation= BP
                           (   1   1   1   1   0   0   0)

     celldm(1)=  18.897261  celldm(2)=   0.000000  celldm(3)=   0.000000
     celldm(4)=   0.000000  celldm(5)=   0.000000  celldm(6)=   0.000000

     crystal axes: (cart. coord. in units of alat)
               a(1) = (   1.000000   0.000000   0.000000 )  
               a(2) = (   0.000000   1.000000   0.000000 )  
               a(3) = (   0.000000   0.000000   1.000000 )  

     reciprocal axes: (cart. coord. in units 2 pi/alat)
               b(1) = (  1.000000  0.000000  0.000000 )  
               b(2) = (  0.000000  1.000000  0.000000 )  
               b(3) = (  0.000000  0.000000  1.000000 )  


     PseudoPot. # 1 for Ti read from file:
     ../pbe/pseudo/Ti.pbe-tm-gipaw-semi-dc.UPF
     MD5 check sum: 0d5e5be629ad81857689d77ece9f3b93
     Pseudo is Norm-conserving, Zval = 12.0
     Generated by new atomic code, or converted to UPF format
     Using radial grid of 1571 points,  2 beta functions with: 
                l(1) =   0
                l(2) =   1

     PseudoPot. # 2 for F  read from file:
     ../pbe/pseudo/F.pbe-tm-new-gipaw-dc.UPF
     MD5 check sum: ce5ef009770ae7616321e2944b9cf54d
     Pseudo is Norm-conserving, Zval =  7.0
     Generated by new atomic code, or converted to UPF format
     Using radial grid of 1481 points,  1 beta functions with: 
                l(1) =   0

     atomic species   valence    mass     pseudopotential
        Ti            12.00    47.86700     Ti( 1.00)
        F              7.00    18.99800     F ( 1.00)

     Starting magnetic structure 
     atomic species   magnetization
        Ti           0.000
        F            0.000

     No symmetry found


                                    s                        frac. trans.

      isym =  1     identity                                     

 cryst.   s( 1) = (     1          0          0      )
                  (     0          1          0      )
                  (     0          0          1      )

 cart.    s( 1) = (  1.0000000  0.0000000  0.0000000 )
                  (  0.0000000  1.0000000  0.0000000 )
                  (  0.0000000  0.0000000  1.0000000 )


   Cartesian axes

     site n.     atom                  positions (alat units)
         1           Ti  tau(   1) = (   0.0000000   0.0000478   0.0000000  )
         2           F   tau(   2) = (   0.0000000   0.1795684   0.0000000  )
         3           F   tau(   3) = (   0.1553350  -0.0898081   0.0000000  )
         4           F   tau(   4) = (  -0.1553350  -0.0898081   0.0000000  )

   Crystallographic axes

     site n.     atom                  positions (cryst. coord.)
         1           Ti  tau(   1) = (  0.0000000  0.0000478  0.0000000  )
         2           F   tau(   2) = (  0.0000000  0.1795684  0.0000000  )
         3           F   tau(   3) = (  0.1553350 -0.0898081  0.0000000  )
         4           F   tau(   4) = ( -0.1553350 -0.0898081  0.0000000  )

     number of k points=     1
                       cart. coord. in units 2pi/alat
        k(    1) = (   0.0000000   0.0000000   0.0000000), wk =   1.0000000

                       cryst. coord.
        k(    1) = (   0.0000000   0.0000000   0.0000000), wk =   1.0000000

     Dense  grid:   911913 G-vectors     FFT dimensions: ( 125, 125, 125)

     Initial potential from superposition of free atoms

     starting charge      31.0000, renormalised to      33.0000

     negative rho (up, down):  3.782E-04 3.782E-04
     Starting wfcs are   42 atomic wfcs

     Self-consistent Calculation

     iteration #  1     ecut=   100.00 Ry     beta= 0.50
     Davidson diagonalization with overlap 

---- Real-time Memory Report at c_bands before calling an iterative solver
           187 MiB given to the printing process from OS
             0 MiB allocation reported by mallinfo(arena+hblkhd)
          6783 MiB available memory on the node where the printing process lives
------------------
     ethr =  1.00E-08,  avg # of iterations = 18.0

     negative rho (up, down):  0.000E+00 1.204E-04

     total energy              =    -260.69220677 Ry
     Harris-Foulkes estimate   =    -262.31910229 Ry
     estimated scf accuracy    <       2.29601252 Ry

     total magnetization       =     1.00 Bohr mag/cell
     absolute magnetization    =     1.00 Bohr mag/cell

     iteration #  2     ecut=   100.00 Ry     beta= 0.50
     Davidson diagonalization with overlap 

---- Real-time Memory Report at c_bands before calling an iterative solver
           239 MiB given to the printing process from OS
             0 MiB allocation reported by mallinfo(arena+hblkhd)
          6302 MiB available memory on the node where the printing process lives
------------------
     ethr =  6.96E-03,  avg # of iterations =  4.0

     negative rho (up, down):  0.000E+00 9.208E-05

     total energy              =    -260.62944364 Ry
     Harris-Foulkes estimate   =    -262.06264032 Ry
     estimated scf accuracy    <       4.20931823 Ry

     total magnetization       =     1.00 Bohr mag/cell
     absolute magnetization    =     1.00 Bohr mag/cell

     iteration #  3     ecut=   100.00 Ry     beta= 0.50
     Davidson diagonalization with overlap 

---- Real-time Memory Report at c_bands before calling an iterative solver
           248 MiB given to the printing process from OS
             0 MiB allocation reported by mallinfo(arena+hblkhd)
          6240 MiB available memory on the node where the printing process lives
------------------
     ethr =  6.96E-03,  avg # of iterations =  3.0

     negative rho (up, down):  0.000E+00 5.874E-05

     total energy              =    -261.63084032 Ry
     Harris-Foulkes estimate   =    -261.75291617 Ry
     estimated scf accuracy    <       0.52031056 Ry

     total magnetization       =     1.00 Bohr mag/cell
     absolute magnetization    =     1.01 Bohr mag/cell

     iteration #  4     ecut=   100.00 Ry     beta= 0.50
     Davidson diagonalization with overlap 

---- Real-time Memory Report at c_bands before calling an iterative solver
           257 MiB given to the printing process from OS
             0 MiB allocation reported by mallinfo(arena+hblkhd)
          6177 MiB available memory on the node where the printing process lives
------------------
     ethr =  1.58E-03,  avg # of iterations =  1.0

     negative rho (up, down):  0.000E+00 8.460E-06

     total energy              =    -261.58270391 Ry
     Harris-Foulkes estimate   =    -261.65549018 Ry
     estimated scf accuracy    <       0.19161174 Ry

     total magnetization       =     1.00 Bohr mag/cell
     absolute magnetization    =     1.02 Bohr mag/cell

     iteration #  5     ecut=   100.00 Ry     beta= 0.50
     Davidson diagonalization with overlap 

---- Real-time Memory Report at c_bands before calling an iterative solver
           267 MiB given to the printing process from OS
             0 MiB allocation reported by mallinfo(arena+hblkhd)
          6128 MiB available memory on the node where the printing process lives
------------------
     ethr =  5.81E-04,  avg # of iterations =  4.0

     negative rho (up, down):  0.000E+00 3.599E-06

     total energy              =    -261.64420087 Ry
     Harris-Foulkes estimate   =    -261.66880910 Ry
     estimated scf accuracy    <       0.08470850 Ry

     total magnetization       =     1.00 Bohr mag/cell
     absolute magnetization    =     1.09 Bohr mag/cell

     iteration #  6     ecut=   100.00 Ry     beta= 0.50
     Davidson diagonalization with overlap 

---- Real-time Memory Report at c_bands before calling an iterative solver
           276 MiB given to the printing process from OS
             0 MiB allocation reported by mallinfo(arena+hblkhd)
          6078 MiB available memory on the node where the printing process lives
------------------
     ethr =  2.57E-04,  avg # of iterations =  3.0

     negative rho (up, down):  0.000E+00 5.632E-07

     total energy              =    -261.65487537 Ry
     Harris-Foulkes estimate   =    -261.65492647 Ry
     estimated scf accuracy    <       0.00098016 Ry

     total magnetization       =     1.00 Bohr mag/cell
     absolute magnetization    =     1.10 Bohr mag/cell

     iteration #  7     ecut=   100.00 Ry     beta= 0.50
     Davidson diagonalization with overlap 

---- Real-time Memory Report at c_bands before calling an iterative solver
           285 MiB given to the printing process from OS
             0 MiB allocation reported by mallinfo(arena+hblkhd)
          6015 MiB available memory on the node where the printing process lives
------------------
     ethr =  2.97E-06,  avg # of iterations =  6.0

     total energy              =    -261.65532605 Ry
     Harris-Foulkes estimate   =    -261.65537223 Ry
     estimated scf accuracy    <       0.00029834 Ry

     total magnetization       =     1.00 Bohr mag/cell
     absolute magnetization    =     1.11 Bohr mag/cell

     iteration #  8     ecut=   100.00 Ry     beta= 0.50
     Davidson diagonalization with overlap 

---- Real-time Memory Report at c_bands before calling an iterative solver
           295 MiB given to the printing process from OS
             0 MiB allocation reported by mallinfo(arena+hblkhd)
          5961 MiB available memory on the node where the printing process lives
------------------
     ethr =  9.04E-07,  avg # of iterations =  3.0

     negative rho (up, down):  0.000E+00 1.559E-08

     total energy              =    -261.65534360 Ry
     Harris-Foulkes estimate   =    -261.65535332 Ry
     estimated scf accuracy    <       0.00003321 Ry

     total magnetization       =     1.00 Bohr mag/cell
     absolute magnetization    =     1.11 Bohr mag/cell

     iteration #  9     ecut=   100.00 Ry     beta= 0.50
     Davidson diagonalization with overlap 

---- Real-time Memory Report at c_bands before calling an iterative solver
           304 MiB given to the printing process from OS
             0 MiB allocation reported by mallinfo(arena+hblkhd)
          5886 MiB available memory on the node where the printing process lives
------------------
     ethr =  1.01E-07,  avg # of iterations =  4.0

     negative rho (up, down):  1.433E-04 4.255E-09

     total energy              =    -261.65535785 Ry
     Harris-Foulkes estimate   =    -261.65535845 Ry
     estimated scf accuracy    <       0.00000690 Ry

     total magnetization       =     1.00 Bohr mag/cell
     absolute magnetization    =     1.12 Bohr mag/cell

     iteration # 10     ecut=   100.00 Ry     beta= 0.50
     Davidson diagonalization with overlap 

---- Real-time Memory Report at c_bands before calling an iterative solver
           313 MiB given to the printing process from OS
             0 MiB allocation reported by mallinfo(arena+hblkhd)
          5847 MiB available memory on the node where the printing process lives
------------------
     ethr =  2.09E-08,  avg # of iterations =  1.5

     total energy              =    -261.65535841 Ry
     Harris-Foulkes estimate   =    -261.65535812 Ry
     estimated scf accuracy    <       0.00000481 Ry

     total magnetization       =     1.00 Bohr mag/cell
     absolute magnetization    =     1.12 Bohr mag/cell

     iteration # 11     ecut=   100.00 Ry     beta= 0.50
     Davidson diagonalization with overlap 

---- Real-time Memory Report at c_bands before calling an iterative solver
           313 MiB given to the printing process from OS
             0 MiB allocation reported by mallinfo(arena+hblkhd)
          5816 MiB available memory on the node where the printing process lives
------------------
     ethr =  1.46E-08,  avg # of iterations =  3.0

     negative rho (up, down):  6.163E-08 1.346E-15

     total energy              =    -261.65535888 Ry
     Harris-Foulkes estimate   =    -261.65535891 Ry
     estimated scf accuracy    <       0.00000077 Ry

     total magnetization       =     1.00 Bohr mag/cell
     absolute magnetization    =     1.12 Bohr mag/cell

     iteration # 12     ecut=   100.00 Ry     beta= 0.50
     Davidson diagonalization with overlap 

---- Real-time Memory Report at c_bands before calling an iterative solver
           313 MiB given to the printing process from OS
             0 MiB allocation reported by mallinfo(arena+hblkhd)
          5792 MiB available memory on the node where the printing process lives
------------------
     ethr =  2.33E-09,  avg # of iterations =  4.0

     negative rho (up, down):  4.040E-07 4.448E-14

     total energy              =    -261.65535898 Ry
     Harris-Foulkes estimate   =    -261.65535900 Ry
     estimated scf accuracy    <       0.00000023 Ry

     total magnetization       =     1.00 Bohr mag/cell
     absolute magnetization    =     1.12 Bohr mag/cell

     iteration # 13     ecut=   100.00 Ry     beta= 0.50
     Davidson diagonalization with overlap 

---- Real-time Memory Report at c_bands before calling an iterative solver
           313 MiB given to the printing process from OS
             0 MiB allocation reported by mallinfo(arena+hblkhd)
          5902 MiB available memory on the node where the printing process lives
------------------
     ethr =  6.83E-10,  avg # of iterations =  1.0

     negative rho (up, down):  5.689E-08 1.261E-14

     total energy              =    -261.65535908 Ry
     Harris-Foulkes estimate   =    -261.65535898 Ry
     estimated scf accuracy    <       0.00000022 Ry

     total magnetization       =     1.00 Bohr mag/cell
     absolute magnetization    =     1.12 Bohr mag/cell

     iteration # 14     ecut=   100.00 Ry     beta= 0.50
     Davidson diagonalization with overlap 

---- Real-time Memory Report at c_bands before calling an iterative solver
           313 MiB given to the printing process from OS
             0 MiB allocation reported by mallinfo(arena+hblkhd)
          5895 MiB available memory on the node where the printing process lives
------------------
     ethr =  6.61E-10,  avg # of iterations =  4.0

     negative rho (up, down):  3.643E-07 3.787E-14

     total energy              =    -261.65535893 Ry
     Harris-Foulkes estimate   =    -261.65535914 Ry
     estimated scf accuracy    <       0.00000081 Ry

     total magnetization       =     1.00 Bohr mag/cell
     absolute magnetization    =     1.12 Bohr mag/cell

     iteration # 15     ecut=   100.00 Ry     beta= 0.50
     Davidson diagonalization with overlap 

---- Real-time Memory Report at c_bands before calling an iterative solver
           313 MiB given to the printing process from OS
             0 MiB allocation reported by mallinfo(arena+hblkhd)
          5882 MiB available memory on the node where the printing process lives
------------------
     ethr =  6.61E-10,  avg # of iterations =  4.0

     negative rho (up, down):  7.757E-08 0.000E+00

     total energy              =    -261.65535902 Ry
     Harris-Foulkes estimate   =    -261.65535899 Ry
     estimated scf accuracy    <       0.00000011 Ry

     total magnetization       =     1.00 Bohr mag/cell
     absolute magnetization    =     1.12 Bohr mag/cell

     iteration # 16     ecut=   100.00 Ry     beta= 0.50
     Davidson diagonalization with overlap 

---- Real-time Memory Report at c_bands before calling an iterative solver
           313 MiB given to the printing process from OS
             0 MiB allocation reported by mallinfo(arena+hblkhd)
          5908 MiB available memory on the node where the printing process lives
------------------
     ethr =  3.44E-10,  avg # of iterations =  1.0

     negative rho (up, down):  1.302E-08 0.000E+00

     total energy              =    -261.65535904 Ry
     Harris-Foulkes estimate   =    -261.65535903 Ry
     estimated scf accuracy    <       0.00000015 Ry

     total magnetization       =     1.00 Bohr mag/cell
     absolute magnetization    =     1.12 Bohr mag/cell

     iteration # 17     ecut=   100.00 Ry     beta= 0.50
     Davidson diagonalization with overlap 

---- Real-time Memory Report at c_bands before calling an iterative solver
           313 MiB given to the printing process from OS
             0 MiB allocation reported by mallinfo(arena+hblkhd)
          5890 MiB available memory on the node where the printing process lives
------------------
     ethr =  3.44E-10,  avg # of iterations =  1.0

     total energy              =    -261.65535904 Ry
     Harris-Foulkes estimate   =    -261.65535904 Ry
     estimated scf accuracy    <       0.00000017 Ry

     total magnetization       =     1.00 Bohr mag/cell
     absolute magnetization    =     1.12 Bohr mag/cell

     iteration # 18     ecut=   100.00 Ry     beta= 0.50
     Davidson diagonalization with overlap 

---- Real-time Memory Report at c_bands before calling an iterative solver
           313 MiB given to the printing process from OS
             0 MiB allocation reported by mallinfo(arena+hblkhd)
          5896 MiB available memory on the node where the printing process lives
------------------
     ethr =  3.44E-10,  avg # of iterations =  1.0

     negative rho (up, down):  1.117E-07 0.000E+00

     total energy              =    -261.65535903 Ry
     Harris-Foulkes estimate   =    -261.65535904 Ry
     estimated scf accuracy    <       0.00000016 Ry

     total magnetization       =     1.00 Bohr mag/cell
     absolute magnetization    =     1.12 Bohr mag/cell

     iteration # 19     ecut=   100.00 Ry     beta= 0.50
     Davidson diagonalization with overlap 

---- Real-time Memory Report at c_bands before calling an iterative solver
           313 MiB given to the printing process from OS
             0 MiB allocation reported by mallinfo(arena+hblkhd)
          5905 MiB available memory on the node where the printing process lives
------------------
     ethr =  3.44E-10,  avg # of iterations =  1.0

     total energy              =    -261.65535904 Ry
     Harris-Foulkes estimate   =    -261.65535903 Ry
     estimated scf accuracy    <       0.00000017 Ry

     total magnetization       =     1.00 Bohr mag/cell
     absolute magnetization    =     1.12 Bohr mag/cell

     iteration # 20     ecut=   100.00 Ry     beta= 0.50
     Davidson diagonalization with overlap 

---- Real-time Memory Report at c_bands before calling an iterative solver
           313 MiB given to the printing process from OS
             0 MiB allocation reported by mallinfo(arena+hblkhd)
          5889 MiB available memory on the node where the printing process lives
------------------
     ethr =  3.44E-10,  avg # of iterations =  1.0

     total energy              =    -261.65535897 Ry
     Harris-Foulkes estimate   =    -261.65535904 Ry
     estimated scf accuracy    <       0.00000016 Ry

     total magnetization       =     1.00 Bohr mag/cell
     absolute magnetization    =     1.12 Bohr mag/cell

     iteration # 21     ecut=   100.00 Ry     beta= 0.50
     Davidson diagonalization with overlap 

---- Real-time Memory Report at c_bands before calling an iterative solver
           313 MiB given to the printing process from OS
             0 MiB allocation reported by mallinfo(arena+hblkhd)
          5874 MiB available memory on the node where the printing process lives
------------------
     ethr =  3.44E-10,  avg # of iterations =  4.0

     total energy              =    -261.65535901 Ry
     Harris-Foulkes estimate   =    -261.65535904 Ry
     estimated scf accuracy    <       0.00000007 Ry

     total magnetization       =     1.00 Bohr mag/cell
     absolute magnetization    =     1.12 Bohr mag/cell

     iteration # 22     ecut=   100.00 Ry     beta= 0.50
     Davidson diagonalization with overlap 

---- Real-time Memory Report at c_bands before calling an iterative solver
           313 MiB given to the printing process from OS
             0 MiB allocation reported by mallinfo(arena+hblkhd)
          5900 MiB available memory on the node where the printing process lives
------------------
     ethr =  2.14E-10,  avg # of iterations =  4.0

     total energy              =    -261.65535902 Ry
     Harris-Foulkes estimate   =    -261.65535903 Ry
     estimated scf accuracy    <       0.00000001 Ry

     total magnetization       =     1.00 Bohr mag/cell
     absolute magnetization    =     1.12 Bohr mag/cell

     iteration # 23     ecut=   100.00 Ry     beta= 0.50
     Davidson diagonalization with overlap 

---- Real-time Memory Report at c_bands before calling an iterative solver
           313 MiB given to the printing process from OS
             0 MiB allocation reported by mallinfo(arena+hblkhd)
          5873 MiB available memory on the node where the printing process lives
------------------
     ethr =  3.35E-11,  avg # of iterations =  3.5

     End of self-consistent calculation

 ------ SPIN UP ------------


          k = 0.0000 0.0000 0.0000 (113801 PWs)   bands (ev):

   -63.1161 -39.7832 -39.6781 -39.2269 -28.4777 -28.0604 -28.0583 -10.7316
   -10.7223 -10.7214 -10.0145 -10.0116  -9.7033  -9.6363  -9.6355  -9.4053
    -4.9829

     occupation numbers 
     1.0000   1.0000   1.0000   1.0000   1.0000   1.0000   1.0000   1.0000
     1.0000   1.0000   1.0000   1.0000   1.0000   1.0000   1.0000   1.0000
     1.0000

 ------ SPIN DOWN ----------


          k = 0.0000 0.0000 0.0000 (113801 PWs)   bands (ev):

   -62.4128 -39.2103 -39.1580 -38.2365 -28.5023 -28.0682 -28.0661 -10.6747
   -10.6746 -10.6604 -10.0097 -10.0067  -9.7121  -9.6493  -9.6485  -9.4293
    -3.1552

     occupation numbers 
     1.0000   1.0000   1.0000   1.0000   1.0000   1.0000   1.0000   1.0000
     1.0000   1.0000   1.0000   1.0000   1.0000   1.0000   1.0000   1.0000
     0.0000

     highest occupied, lowest unoccupied level (ev):    -4.9829   -3.1552

!    total energy              =    -261.65535902 Ry
     Harris-Foulkes estimate   =    -261.65535902 Ry
     estimated scf accuracy    <          1.3E-09 Ry

     The total energy is the sum of the following terms:
     one-electron contribution =    -521.26378666 Ry
     hartree contribution      =     261.95740150 Ry
     xc contribution           =     -42.64177515 Ry
     ewald contribution        =      40.29280129 Ry

     total magnetization       =     1.00 Bohr mag/cell
     absolute magnetization    =     1.12 Bohr mag/cell

     convergence has been achieved in  23 iterations
     Computing du/dk (single point)
     k-point:   1    occ= 17
           1   1.0000000000000002     
           1   1.0000000000000002     
           2   1.0000000000000002     
           2   1.0000000000000002     
           3   1.0000000000000002     
           3   1.0000000000000002     
     k-point:   2    occ= 16
           1   1.0000000000000002     
           1   1.0000000000000002     
           2   1.0000000000000002     
           2   1.0000000000000002     
           3   1.0000000000000002     
           3   1.0000000000000002     
     done with du/dk   q_gipaw = 0.010000

     Computing the orbital magnetization (bohr mag/cell):
BC: k-point:    1  pool:   1       -0.000000    0.000043   -0.000000
LC: k-point:    1  pool:   1       -0.000000   -0.019807    0.000000
IC: k-point:    1  pool:   1        0.000000   -0.000140   -0.000000
BC: k-point:    2  pool:   1       -0.000000   -0.000010   -0.000000
LC: k-point:    2  pool:   1       -0.000000    0.004996    0.000000
IC: k-point:    2  pool:   1       -0.000000    0.002876    0.000000

     SPIN-ORBIT:
     lambda_so          =       0.000000      1.000000      0.000000

     Berry curvature    =      -0.000000      0.000033     -0.000000
     Fermi energy       =      -0.529637 rydberg

     NUCLEAR DIPOLE ON ATOM   1:
     m_0                =       0.000000      0.000000      0.000000

     (without Berry curvature term)
     M_LC               =      -0.000000     -0.029621      0.000000
     M_IC               =      -0.000000     -0.019106      0.000000
     Delta_M_bare       =       0.000000     -0.002993     -0.000000
     Delta_M_para       =      -0.000000      0.000978     -0.000000
     Delta_M_dia        =       0.000000      0.000034      0.000000
     M_tot              =      -0.000000     -0.050707     -0.000000

     (with Berry curvature term)
     M_LC               =      -0.000000     -0.029603      0.000000
     M_IC               =      -0.000000     -0.019088      0.000000
     Delta_M            =       0.000000     -0.001981     -0.000000
     M_tot              =      -0.000000     -0.050672     -0.000000

     SPIN-ORBIT:
     lambda_so          =       0.000000      1.000000      0.000000
     unpaired electrons =          1
     Contributions to the g-tensor (ppm):
     delta_g RMC        =      -263.1187
     delta_g RMC(GIPAW) =      -132.5037
     delta_g SO         =        -0.0000   -50672.1683       -0.0000

     delta_g total      =        -0.0000   -51067.7908       -0.0000

     QE-CONVERSE  :   3m29.79s CPU   3m36.34s WALL


   This run was terminated on:  16: 6:36  21Nov2024            

=------------------------------------------------------------------------------=
   JOB DONE.
=------------------------------------------------------------------------------=
     Initialization:

     read_file    :      1.38s CPU      1.58s WALL (       1 calls)
     gipaw_setup  :      0.09s CPU      0.10s WALL (       1 calls)
     wfcinit      :      5.18s CPU      5.38s WALL (       1 calls)
     hinit0       :      0.14s CPU      0.15s WALL (       1 calls)
     potinit      :      0.80s CPU      0.94s WALL (       1 calls)

     SCF calculation:

     electrons    :    176.76s CPU    181.91s WALL (       1 calls)
     h_psi        :    158.37s CPU    162.87s WALL (     406 calls)
     add_so_valen :     84.33s CPU     86.70s WALL (    2443 calls)
     add_so_Fnl   :     17.25s CPU     17.29s WALL (     406 calls)

     g-tensor:

     compute_dudk :      5.34s CPU      5.74s WALL (       1 calls)
     orbital_magn :     19.74s CPU     20.16s WALL (       1 calls)
