
     Program QE-CONVERSE v.7.2 starts on 22Nov2024 at 14:34:16 

     This program is part of the open-source Quantum ESPRESSO suite
     for quantum simulation of materials; please cite
         "P. Giannozzi et al., J. Phys.:Condens. Matter 21 395502 (2009);
         "P. Giannozzi et al., J. Phys.:Condens. Matter 29 465901 (2017);
         "P. Giannozzi et al., J. Chem. Phys. 152 154105 (2020);
          URL http://www.quantum-espresso.org", 
     in publications or presentations arising from this work. More details at
     http://www.quantum-espresso.org/quote

     Parallel version (MPI), running on     6 processors

     MPI processes distributed on     1 nodes
     R & G space division:  proc/nbgrp/npool/nimage =       6
     5809 MiB available memory on the printing compute node when the environment starts


     Reading xml data from directory:

     ./scratch/CO+.save/

     IMPORTANT: XC functional enforced from input :
     Exchange-correlation= PBE
                           (   1   4   3   4   0   0   0)
     Any further DFT definition will be discarded
     Please, verify this is what you really want


     Parallelization info
     --------------------
     sticks:   dense  smooth     PW     G-vecs:    dense   smooth      PW
     Min         450     450    112                28608    28608    3580
     Max         451     451    113                28613    28613    3583
     Sum        2703    2703    675               171661   171661   21485

     Using Slab Decomposition

     Reading collected, re-writing distributed wavefunctions
     GIPAW projectors -----------------------------------------------
     atom=  O    l=0  rc=    1.4000  rs=    0.9333
     atom=  O    l=0  rc=    1.4000  rs=    0.9333
     atom=  O    l=1  rc=    1.4000  rs=    0.9333
     atom=  O    l=1  rc=    1.4000  rs=    0.9333
     projs nearly linearly dependent: l=1  n1,n2= 1, 2  s=  0.99858905

     atom=  C    l=0  rc=    1.5400  rs=    1.0267
     atom=  C    l=0  rc=    1.5400  rs=    1.0267
     atom=  C    l=1  rc=    1.5400  rs=    1.0267
     atom=  C    l=1  rc=    1.5400  rs=    1.0267
     projs nearly linearly dependent: l=0  n1,n2= 1, 2  s=  0.99588996
     projs nearly linearly dependent: l=1  n1,n2= 1, 2  s=  0.99890453
     -----------------------------------------------------------------

     GIPAW integrals: -------------------------------------------
     Atom  i/j   nmr_para    nmr_dia     epr_rmc    epr_para     epr_dia
       O   1 1  0.1149E+04  0.2316E+00  0.8411E+01  0.1903E+05  0.5983E+01
       O   2 1  0.1170E+04  0.4805E-01  0.8370E+01  0.1952E+05  0.4733E+01
       O   2 2  0.1189E+04  -.1472E+00  0.7956E+01  0.2002E+05  0.3721E+01
       O   3 3  0.4175E+01  0.1179E+00  0.1114E+01  0.9580E+02  0.2214E+01
       O   4 3  0.4686E+01  0.1552E+00  0.1377E+01  0.1054E+03  0.2733E+01
       O   4 4  0.5248E+01  0.1959E+00  0.1691E+01  0.1160E+03  0.3329E+01
       C   1 1  0.6703E+03  0.3063E+00  0.6451E+01  0.8256E+04  0.4420E+01
       C   2 1  0.7046E+03  0.2837E+00  0.6791E+01  0.8699E+04  0.4425E+01
       C   2 2  0.7405E+03  0.2570E+00  0.7107E+01  0.9166E+04  0.4470E+01
       C   3 3  0.1575E+01  0.6220E-01  0.4343E+00  0.3069E+02  0.8653E+00
       C   4 3  0.1749E+01  0.7880E-01  0.5263E+00  0.3351E+02  0.1047E+01
       C   4 4  0.1939E+01  0.9679E-01  0.6372E+00  0.3657E+02  0.1259E+01
     ------------------------------------------------------------


     R & G space division:  proc/nbgrp/npool/nimage =       6
     Subspace diagonalization in iterative solution of the eigenvalue problem:
     a serial algorithm will be used



     bravais-lattice index     =            8
     lattice parameter (alat)  =      13.3897  a.u.
     unit-cell volume          =    7730.1447 (a.u.)^3
     number of atoms/cell      =            2
     number of atomic types    =            2
     number of electrons       =         9.00 (up:   5.00, down:   4.00)
     number of Kohn-Sham states=            5
     kinetic-energy cutoff     =      30.0000  Ry
     charge density cutoff     =     120.0000  Ry
     scf convergence threshold =      1.0E-08
     mixing beta               =       0.5000
     number of iterations used =            8  plain     mixing
     Exchange-correlation= PBE
                           (   1   4   3   4   0   0   0)

     celldm(1)=  13.389711  celldm(2)=   1.577890  celldm(3)=   2.040785
     celldm(4)=   0.000000  celldm(5)=   0.000000  celldm(6)=   0.000000

     crystal axes: (cart. coord. in units of alat)
               a(1) = (   1.000000   0.000000   0.000000 )  
               a(2) = (   0.000000   1.577890   0.000000 )  
               a(3) = (   0.000000   0.000000   2.040785 )  

     reciprocal axes: (cart. coord. in units 2 pi/alat)
               b(1) = (  1.000000  0.000000  0.000000 )  
               b(2) = (  0.000000  0.633758  0.000000 )  
               b(3) = (  0.000000  0.000000  0.490008 )  


     PseudoPot. # 1 for O  read from file:
     ../pseudo/O.pbe-tm-new-gipaw-dc.UPF
     MD5 check sum: cd70c9dcf1f7d755502eb127a1501eea
     Pseudo is Norm-conserving, Zval =  6.0
     Generated by new atomic code, or converted to UPF format
     Using radial grid of 1469 points,  1 beta functions with: 
                l(1) =   0

     PseudoPot. # 2 for C  read from file:
     ../pseudo/C.pbe-tm-new-gipaw.UPF
     MD5 check sum: c9fa938d11269a3b0a4c160d8754c0f1
     Pseudo is Norm-conserving, Zval =  4.0
     Generated by new atomic code, or converted to UPF format
     Using radial grid of 1441 points,  1 beta functions with: 
                l(1) =   0

     atomic species   valence    mass     pseudopotential
        O              6.00    16.00000     O ( 1.00)
        C              4.00    12.00000     C ( 1.00)

     Starting magnetic structure 
     atomic species   magnetization
        O            0.000
        C            0.000

     No symmetry found


                                    s                        frac. trans.

      isym =  1     identity                                     

 cryst.   s( 1) = (     1          0          0      )
                  (     0          1          0      )
                  (     0          0          1      )

 cart.    s( 1) = (  1.0000000  0.0000000  0.0000000 )
                  (  0.0000000  1.0000000  0.0000000 )
                  (  0.0000000  0.0000000  1.0000000 )


     point group C_1 (1)    
     there are  1 classes
     the character table:

       E    
A      1.00

     the symmetry operations in each class and the name of the first element:

     E        1
          identity                                               

   Cartesian axes

     site n.     atom                  positions (alat units)
         1           O   tau(   1) = (   0.0000000   0.0000000  -0.0001204  )
         2           C   tau(   2) = (   0.0000000   0.0000000   0.1593181  )

   Crystallographic axes

     site n.     atom                  positions (cryst. coord.)
         1           O   tau(   1) = (  0.0000000  0.0000000 -0.0000590  )
         2           C   tau(   2) = (  0.0000000  0.0000000  0.0780671  )

     number of k points=     1
                       cart. coord. in units 2pi/alat
        k(    1) = (   0.0000000   0.0000000   0.0000000), wk =   1.0000000

                       cryst. coord.
        k(    1) = (   0.0000000   0.0000000   0.0000000), wk =   1.0000000

     Dense  grid:   171661 G-vectors     FFT dimensions: (  48,  75,  96)

     Initial potential from superposition of free atoms

     starting charge      10.0000, renormalised to       9.0000

     negative rho (up, down):  4.212E-02 4.212E-02
     Starting wfcs are   16 atomic wfcs

     Self-consistent Calculation

     iteration #  1     ecut=    30.00 Ry     beta= 0.50
     Davidson diagonalization with overlap 

---- Real-time Memory Report at c_bands before calling an iterative solver
            54 MiB given to the printing process from OS
             0 MiB allocation reported by mallinfo(arena+hblkhd)
          5595 MiB available memory on the node where the printing process lives
------------------
     ethr =  1.00E-08,  avg # of iterations =  8.0

     negative rho (up, down):  2.063E-02 2.071E-02

     total energy              =     -41.34851504 Ry
     Harris-Foulkes estimate   =     -41.89444116 Ry
     estimated scf accuracy    <       0.98418913 Ry

     total magnetization       =     1.00 Bohr mag/cell
     absolute magnetization    =     1.00 Bohr mag/cell

     iteration #  2     ecut=    30.00 Ry     beta= 0.50
     Davidson diagonalization with overlap 

---- Real-time Memory Report at c_bands before calling an iterative solver
            66 MiB given to the printing process from OS
             0 MiB allocation reported by mallinfo(arena+hblkhd)
          5510 MiB available memory on the node where the printing process lives
------------------
     ethr =  1.00E-02,  avg # of iterations =  3.0

     negative rho (up, down):  1.552E-02 1.561E-02

     total energy              =     -41.40541780 Ry
     Harris-Foulkes estimate   =     -41.80595325 Ry
     estimated scf accuracy    <       1.12523127 Ry

     total magnetization       =     1.00 Bohr mag/cell
     absolute magnetization    =     1.05 Bohr mag/cell

     iteration #  3     ecut=    30.00 Ry     beta= 0.50
     Davidson diagonalization with overlap 

---- Real-time Memory Report at c_bands before calling an iterative solver
            68 MiB given to the printing process from OS
             0 MiB allocation reported by mallinfo(arena+hblkhd)
          5499 MiB available memory on the node where the printing process lives
------------------
     ethr =  1.00E-02,  avg # of iterations =  3.0

     negative rho (up, down):  4.553E-03 4.640E-03

     total energy              =     -41.63510923 Ry
     Harris-Foulkes estimate   =     -41.65139267 Ry
     estimated scf accuracy    <       0.08538482 Ry

     total magnetization       =     1.00 Bohr mag/cell
     absolute magnetization    =     1.04 Bohr mag/cell

     iteration #  4     ecut=    30.00 Ry     beta= 0.50
     Davidson diagonalization with overlap 

---- Real-time Memory Report at c_bands before calling an iterative solver
            69 MiB given to the printing process from OS
             0 MiB allocation reported by mallinfo(arena+hblkhd)
          5484 MiB available memory on the node where the printing process lives
------------------
     ethr =  9.49E-04,  avg # of iterations =  1.5

     negative rho (up, down):  1.149E-03 1.192E-03

     total energy              =     -41.64769969 Ry
     Harris-Foulkes estimate   =     -41.64552411 Ry
     estimated scf accuracy    <       0.00503304 Ry

     total magnetization       =     1.00 Bohr mag/cell
     absolute magnetization    =     1.12 Bohr mag/cell

     iteration #  5     ecut=    30.00 Ry     beta= 0.50
     Davidson diagonalization with overlap 

---- Real-time Memory Report at c_bands before calling an iterative solver
            71 MiB given to the printing process from OS
             0 MiB allocation reported by mallinfo(arena+hblkhd)
          5462 MiB available memory on the node where the printing process lives
------------------
     ethr =  5.59E-05,  avg # of iterations =  3.5

     negative rho (up, down):  8.188E-05 9.781E-05

     total energy              =     -41.65040579 Ry
     Harris-Foulkes estimate   =     -41.65037289 Ry
     estimated scf accuracy    <       0.00221340 Ry

     total magnetization       =     1.00 Bohr mag/cell
     absolute magnetization    =     1.14 Bohr mag/cell

     iteration #  6     ecut=    30.00 Ry     beta= 0.50
     Davidson diagonalization with overlap 

---- Real-time Memory Report at c_bands before calling an iterative solver
            73 MiB given to the printing process from OS
             0 MiB allocation reported by mallinfo(arena+hblkhd)
          5444 MiB available memory on the node where the printing process lives
------------------
     ethr =  2.46E-05,  avg # of iterations =  1.5

     negative rho (up, down):  9.559E-06 1.279E-05

     total energy              =     -41.65058559 Ry
     Harris-Foulkes estimate   =     -41.65065990 Ry
     estimated scf accuracy    <       0.00031419 Ry

     total magnetization       =     1.00 Bohr mag/cell
     absolute magnetization    =     1.16 Bohr mag/cell

     iteration #  7     ecut=    30.00 Ry     beta= 0.50
     Davidson diagonalization with overlap 

---- Real-time Memory Report at c_bands before calling an iterative solver
            75 MiB given to the printing process from OS
             0 MiB allocation reported by mallinfo(arena+hblkhd)
          5436 MiB available memory on the node where the printing process lives
------------------
     ethr =  3.49E-06,  avg # of iterations =  2.5

     negative rho (up, down):  8.855E-06 1.183E-05

     total energy              =     -41.65071786 Ry
     Harris-Foulkes estimate   =     -41.65076625 Ry
     estimated scf accuracy    <       0.00019222 Ry

     total magnetization       =     1.00 Bohr mag/cell
     absolute magnetization    =     1.17 Bohr mag/cell

     iteration #  8     ecut=    30.00 Ry     beta= 0.50
     Davidson diagonalization with overlap 

---- Real-time Memory Report at c_bands before calling an iterative solver
            76 MiB given to the printing process from OS
             0 MiB allocation reported by mallinfo(arena+hblkhd)
          5426 MiB available memory on the node where the printing process lives
------------------
     ethr =  2.14E-06,  avg # of iterations =  2.0

     negative rho (up, down):  2.571E-06 3.686E-06

     total energy              =     -41.65075508 Ry
     Harris-Foulkes estimate   =     -41.65075173 Ry
     estimated scf accuracy    <       0.00000870 Ry

     total magnetization       =     1.00 Bohr mag/cell
     absolute magnetization    =     1.18 Bohr mag/cell

     iteration #  9     ecut=    30.00 Ry     beta= 0.50
     Davidson diagonalization with overlap 

---- Real-time Memory Report at c_bands before calling an iterative solver
            78 MiB given to the printing process from OS
             0 MiB allocation reported by mallinfo(arena+hblkhd)
          5413 MiB available memory on the node where the printing process lives
------------------
     ethr =  9.67E-08,  avg # of iterations =  2.5

     negative rho (up, down):  9.121E-09 2.259E-08

     total energy              =     -41.65075891 Ry
     Harris-Foulkes estimate   =     -41.65075748 Ry
     estimated scf accuracy    <       0.00000144 Ry

     total magnetization       =     1.00 Bohr mag/cell
     absolute magnetization    =     1.18 Bohr mag/cell

     iteration # 10     ecut=    30.00 Ry     beta= 0.50
     Davidson diagonalization with overlap 

---- Real-time Memory Report at c_bands before calling an iterative solver
            80 MiB given to the printing process from OS
             0 MiB allocation reported by mallinfo(arena+hblkhd)
          5403 MiB available memory on the node where the printing process lives
------------------
     ethr =  1.60E-08,  avg # of iterations =  3.0

     negative rho (up, down):  5.538E-09 1.011E-08

     total energy              =     -41.65075967 Ry
     Harris-Foulkes estimate   =     -41.65075989 Ry
     estimated scf accuracy    <       0.00000082 Ry

     total magnetization       =     1.00 Bohr mag/cell
     absolute magnetization    =     1.19 Bohr mag/cell

     iteration # 11     ecut=    30.00 Ry     beta= 0.50
     Davidson diagonalization with overlap 

---- Real-time Memory Report at c_bands before calling an iterative solver
            80 MiB given to the printing process from OS
             0 MiB allocation reported by mallinfo(arena+hblkhd)
          5393 MiB available memory on the node where the printing process lives
------------------
     ethr =  9.13E-09,  avg # of iterations =  2.0

     total energy              =     -41.65076006 Ry
     Harris-Foulkes estimate   =     -41.65076010 Ry
     estimated scf accuracy    <       0.00000016 Ry

     total magnetization       =     1.00 Bohr mag/cell
     absolute magnetization    =     1.19 Bohr mag/cell

     iteration # 12     ecut=    30.00 Ry     beta= 0.50
     Davidson diagonalization with overlap 

---- Real-time Memory Report at c_bands before calling an iterative solver
            80 MiB given to the printing process from OS
             0 MiB allocation reported by mallinfo(arena+hblkhd)
          5393 MiB available memory on the node where the printing process lives
------------------
     ethr =  1.77E-09,  avg # of iterations =  2.0

     End of self-consistent calculation

 ------ SPIN UP ------------


          k = 0.0000 0.0000 0.0000 ( 21485 PWs)   bands (ev):

   -37.8070 -21.4842 -18.2631 -18.2397 -18.0264

     occupation numbers 
     1.0000   1.0000   1.0000   1.0000   1.0000

 ------ SPIN DOWN ----------


          k = 0.0000 0.0000 0.0000 ( 21485 PWs)   bands (ev):

   -37.6524 -20.6468 -18.0333 -18.0096 -13.9947

     occupation numbers 
     1.0000   1.0000   1.0000   1.0000   0.0000

     highest occupied, lowest unoccupied level (ev):   -18.0096  -13.9947

!    total energy              =     -41.65076011 Ry
     Harris-Foulkes estimate   =     -41.65076010 Ry
     estimated scf accuracy    <          4.4E-09 Ry

     The total energy is the sum of the following terms:
     one-electron contribution =     -81.82961373 Ry
     hartree contribution      =      39.30563573 Ry
     xc contribution           =      -9.31597550 Ry
     ewald contribution        =      10.18919339 Ry

     total magnetization       =     1.00 Bohr mag/cell
     absolute magnetization    =     1.19 Bohr mag/cell

     convergence has been achieved in  12 iterations
     Computing du/dk (single point)
     k-point:   1    occ=  5
     k-point:   2    occ=  4
     done with du/dk   q_gipaw = 0.010000

     Computing the orbital magnetization (bohr mag/cell):
BC: k-point:    1  pool:   1        0.000001    0.000000   -0.000000
LC: k-point:    1  pool:   1       -0.001411    0.000000   -0.000000
IC: k-point:    1  pool:   1        0.007560    0.000000   -0.000000
BC: k-point:    2  pool:   1       -0.000002   -0.000000    0.000000
LC: k-point:    2  pool:   1        0.000427    0.000000   -0.000000
IC: k-point:    2  pool:   1        0.001265    0.000000   -0.000000

     SPIN-ORBIT:
     lambda_so          =       1.000000      0.000000      0.000000

     Berry curvature    =      -0.000000     -0.000000      0.000000
     Fermi energy       =      -1.324297 rydberg

     NUCLEAR DIPOLE ON ATOM   1:
     m_0                =       0.000000      0.000000      0.000000

     (without Berry curvature term)
     M_LC               =      -0.001968      0.000000     -0.000000
     M_IC               =      -0.000325      0.000000     -0.000000
     Delta_M_bare       =      -0.000195      0.000000      0.000000
     Delta_M_para       =      -0.000005      0.000000     -0.000000
     Delta_M_dia        =       0.000008      0.000000      0.000000
     M_tot              =      -0.002484      0.000000     -0.000000

     (with Berry curvature term)
     M_LC               =      -0.001968      0.000000     -0.000000
     M_IC               =      -0.000325     -0.000000      0.000000
     Delta_M            =      -0.000192      0.000000      0.000000
     M_tot              =      -0.002485      0.000000     -0.000000

     SPIN-ORBIT:
     lambda_so          =       1.000000      0.000000      0.000000
     unpaired electrons =          1
     Contributions to the g-tensor (ppm):
     delta_g RMC        =      -121.4427
     delta_g RMC(GIPAW) =       -59.6174
     delta_g SO         =     -2485.2881        0.0000       -0.0000

     delta_g total      =     -2666.3482        0.0000       -0.0000

     QE-CONVERSE  :      5.78s CPU      6.09s WALL


   This run was terminated on:  14:34:23  22Nov2024            

=------------------------------------------------------------------------------=
   JOB DONE.
=------------------------------------------------------------------------------=
     Initialization:

     read_file    :      0.42s CPU      0.46s WALL (       1 calls)
     gipaw_setup  :      0.02s CPU      0.02s WALL (       1 calls)
     wfcinit      :      0.21s CPU      0.23s WALL (       1 calls)
     hinit0       :      0.19s CPU      0.19s WALL (       1 calls)
     potinit      :      0.47s CPU      0.47s WALL (       1 calls)

     SCF calculation:

     electrons    :      3.83s CPU      4.07s WALL (       1 calls)
     h_psi        :      3.06s CPU      3.25s WALL (     149 calls)
     add_so_valen :      1.93s CPU      2.06s WALL (     462 calls)
     add_so_Fnl   :      0.41s CPU      0.43s WALL (     149 calls)

     g-tensor:

     compute_dudk :      0.13s CPU      0.13s WALL (       1 calls)
     orbital_magn :      0.49s CPU      0.50s WALL (       1 calls)
