
     Program QE-CONVERSE v.7.2 starts on 21Nov2024 at 17:25:21 

     This program is part of the open-source Quantum ESPRESSO suite
     for quantum simulation of materials; please cite
         "P. Giannozzi et al., J. Phys.:Condens. Matter 21 395502 (2009);
         "P. Giannozzi et al., J. Phys.:Condens. Matter 29 465901 (2017);
         "P. Giannozzi et al., J. Chem. Phys. 152 154105 (2020);
          URL http://www.quantum-espresso.org", 
     in publications or presentations arising from this work. More details at
     http://www.quantum-espresso.org/quote

     Parallel version (MPI), running on     6 processors

     MPI processes distributed on     1 nodes
     R & G space division:  proc/nbgrp/npool/nimage =       6
     4372 MiB available memory on the printing compute node when the environment starts


     Reading xml data from directory:

     ./scratch/tif3.save/
     EXX fraction changed:   0.20
     EXX Screening parameter changed:    0.0000000

     IMPORTANT: XC functional enforced from input :
     Exchange-correlation= PBE0
                           (   6   4   8   4   0   0   0)
     EXX-fraction              =        0.20
     Any further DFT definition will be discarded
     Please, verify this is what you really want


     Parallelization info
     --------------------
     sticks:   dense  smooth     PW     G-vecs:    dense   smooth      PW
     Min        1514    1514    375               108778   108778   13551
     Max        1515    1515    376               108781   108781   13553
     Sum        9085    9085   2253               652671   652671   81313

     Using Slab Decomposition

     Reading collected, re-writing distributed wavefunctions
     GIPAW projectors -----------------------------------------------
     atom=  Ti   l=0  rc=    1.2600  rs=    0.8400
     atom=  Ti   l=1  rc=    1.2600  rs=    0.8400
     atom=  Ti   l=2  rc=    1.6600  rs=    1.1067
     atom=  Ti   l=0  rc=    1.2600  rs=    0.8400
     atom=  Ti   l=1  rc=    1.2600  rs=    0.8400
     atom=  Ti   l=2  rc=    1.6600  rs=    1.1067
     projs nearly linearly dependent: l=2  n1,n2= 1, 2  s=  0.99344463

     atom=  F    l=0  rc=    1.3000  rs=    0.8667
     atom=  F    l=0  rc=    1.3000  rs=    0.8667
     atom=  F    l=1  rc=    1.3000  rs=    0.8667
     atom=  F    l=1  rc=    1.3000  rs=    0.8667
     projs nearly linearly dependent: l=1  n1,n2= 1, 2  s=  0.99905671
     -----------------------------------------------------------------

     GIPAW integrals: -------------------------------------------
     Atom  i/j   nmr_para    nmr_dia     epr_rmc    epr_para     epr_dia
       Ti  1 1  0.6305E+04  0.3652E+00  0.2521E+02  0.2789E+06  0.2359E+02
       Ti  2 2  0.5450E+02  0.3681E+00  0.1840E+02  0.2342E+04  0.1907E+02
       Ti  3 3  0.1650E+01  0.1097E+00  0.2210E+01  0.7241E+02  0.4397E+01
       Ti  4 1  0.1170E+05  0.1570E+01  0.4915E+02  0.5171E+06  0.6566E+02
       Ti  4 4  0.2171E+05  0.3539E+01  0.9894E+02  0.9589E+06  0.1333E+03
       Ti  5 2  0.5850E+02  0.3059E+00  0.1935E+02  0.2536E+04  0.2231E+02
       Ti  5 5  0.6275E+02  0.2376E+00  0.2006E+02  0.2746E+04  0.2515E+02
       Ti  6 3  0.2360E+01  0.2593E+00  0.4083E+01  0.9623E+02  0.8047E+01
       Ti  6 6  0.3275E+01  0.4417E+00  0.6682E+01  0.1267E+03  0.1276E+02
       F   1 1  0.1571E+04  0.2356E+00  0.1022E+02  0.2933E+05  0.7430E+01
       F   2 1  0.1399E+04  -.2136E+00  0.8480E+01  0.2647E+05  0.2883E+01
       F   2 2  0.1237E+04  -.6256E+00  0.6011E+01  0.2389E+05  -.7397E+00
       F   3 3  0.6286E+01  0.1462E+00  0.1572E+01  0.1585E+03  0.3125E+01
       F   4 3  0.6897E+01  0.1825E+00  0.1860E+01  0.1713E+03  0.3695E+01
       F   4 4  0.7557E+01  0.2213E+00  0.2191E+01  0.1850E+03  0.4332E+01
     ------------------------------------------------------------


     R & G space division:  proc/nbgrp/npool/nimage =       6
     Subspace diagonalization in iterative solution of the eigenvalue problem:
     a serial algorithm will be used



     bravais-lattice index     =            0
     lattice parameter (alat)  =      18.8973  a.u.
     unit-cell volume          =    6748.3345 (a.u.)^3
     number of atoms/cell      =            4
     number of atomic types    =            2
     number of electrons       =        33.00 (up:  17.00, down:  16.00)
     number of Kohn-Sham states=           17
     kinetic-energy cutoff     =      80.0000  Ry
     charge density cutoff     =     320.0000  Ry
     cutoff for Fock operator  =      80.0000  Ry
     scf convergence threshold =      1.0E-08
     mixing beta               =       0.5000
     number of iterations used =            8  plain     mixing
     Exchange-correlation= PBE0
                           (   6   4   8   4   0   0   0)
     EXX-fraction              =        0.20

     celldm(1)=  18.897261  celldm(2)=   0.000000  celldm(3)=   0.000000
     celldm(4)=   0.000000  celldm(5)=   0.000000  celldm(6)=   0.000000

     crystal axes: (cart. coord. in units of alat)
               a(1) = (   1.000000   0.000000   0.000000 )  
               a(2) = (   0.000000   1.000000   0.000000 )  
               a(3) = (   0.000000   0.000000   1.000000 )  

     reciprocal axes: (cart. coord. in units 2 pi/alat)
               b(1) = (  1.000000  0.000000  0.000000 )  
               b(2) = (  0.000000  1.000000  0.000000 )  
               b(3) = (  0.000000  0.000000  1.000000 )  


     PseudoPot. # 1 for Ti read from file:
     ../../pbe/pseudo/Ti.pbe-tm-gipaw-semi-dc.UPF
     MD5 check sum: 0d5e5be629ad81857689d77ece9f3b93
     Pseudo is Norm-conserving, Zval = 12.0
     Generated by new atomic code, or converted to UPF format
     Using radial grid of 1571 points,  2 beta functions with: 
                l(1) =   0
                l(2) =   1

     PseudoPot. # 2 for F  read from file:
     ../../pbe/pseudo/F.pbe-tm-new-gipaw-dc.UPF
     MD5 check sum: ce5ef009770ae7616321e2944b9cf54d
     Pseudo is Norm-conserving, Zval =  7.0
     Generated by new atomic code, or converted to UPF format
     Using radial grid of 1481 points,  1 beta functions with: 
                l(1) =   0

     atomic species   valence    mass     pseudopotential
        Ti            12.00    47.86700     Ti( 1.00)
        F              7.00    18.99800     F ( 1.00)

     Starting magnetic structure 
     atomic species   magnetization
        Ti           0.000
        F            0.000

     No symmetry found


                                    s                        frac. trans.

      isym =  1     identity                                     

 cryst.   s( 1) = (     1          0          0      )
                  (     0          1          0      )
                  (     0          0          1      )

 cart.    s( 1) = (  1.0000000  0.0000000  0.0000000 )
                  (  0.0000000  1.0000000  0.0000000 )
                  (  0.0000000  0.0000000  1.0000000 )


   Cartesian axes

     site n.     atom                  positions (alat units)
         1           Ti  tau(   1) = (   0.0000000  -0.0000329   0.0000000  )
         2           F   tau(   2) = (   0.0000000   0.1787448   0.0000000  )
         3           F   tau(   3) = (   0.1547106  -0.0893559   0.0000000  )
         4           F   tau(   4) = (  -0.1547106  -0.0893559   0.0000000  )

   Crystallographic axes

     site n.     atom                  positions (cryst. coord.)
         1           Ti  tau(   1) = (  0.0000000 -0.0000329  0.0000000  )
         2           F   tau(   2) = (  0.0000000  0.1787448  0.0000000  )
         3           F   tau(   3) = (  0.1547106 -0.0893559  0.0000000  )
         4           F   tau(   4) = ( -0.1547106 -0.0893559  0.0000000  )

     number of k points=     1
                       cart. coord. in units 2pi/alat
        k(    1) = (   0.0000000   0.0000000   0.0000000), wk =   1.0000000

                       cryst. coord.
        k(    1) = (   0.0000000   0.0000000   0.0000000), wk =   1.0000000

     Dense  grid:   652671 G-vectors     FFT dimensions: ( 108, 108, 108)

     The initial density is read from file :
     ./scratch/tif3.save/charge-density

     Starting wfcs from file

     Self-consistent Calculation

     iteration #  1     ecut=    80.00 Ry     beta= 0.50
     Davidson diagonalization with overlap 

---- Real-time Memory Report at c_bands before calling an iterative solver
           137 MiB given to the printing process from OS
             0 MiB allocation reported by mallinfo(arena+hblkhd)
          3923 MiB available memory on the node where the printing process lives
------------------
     ethr =  1.00E-08,  avg # of iterations = 11.0

     total energy              =    -253.14217159 Ry
     Harris-Foulkes estimate   =    -253.64799427 Ry
     estimated scf accuracy    <       0.78280404 Ry

     total magnetization       =     1.00 Bohr mag/cell
     absolute magnetization    =     1.15 Bohr mag/cell

     iteration #  2     ecut=    80.00 Ry     beta= 0.50
     Davidson diagonalization with overlap 

---- Real-time Memory Report at c_bands before calling an iterative solver
           173 MiB given to the printing process from OS
             0 MiB allocation reported by mallinfo(arena+hblkhd)
          3522 MiB available memory on the node where the printing process lives
------------------
     ethr =  2.37E-03,  avg # of iterations =  4.0

     total energy              =    -253.34152431 Ry
     Harris-Foulkes estimate   =    -253.60128887 Ry
     estimated scf accuracy    <       0.61504644 Ry

     total magnetization       =     1.00 Bohr mag/cell
     absolute magnetization    =     1.05 Bohr mag/cell

     iteration #  3     ecut=    80.00 Ry     beta= 0.50
     Davidson diagonalization with overlap 

---- Real-time Memory Report at c_bands before calling an iterative solver
           180 MiB given to the printing process from OS
             0 MiB allocation reported by mallinfo(arena+hblkhd)
          3429 MiB available memory on the node where the printing process lives
------------------
     ethr =  1.86E-03,  avg # of iterations =  3.0

     total energy              =    -253.44713972 Ry
     Harris-Foulkes estimate   =    -253.45015842 Ry
     estimated scf accuracy    <       0.00559769 Ry

     total magnetization       =     1.00 Bohr mag/cell
     absolute magnetization    =     1.09 Bohr mag/cell

     iteration #  4     ecut=    80.00 Ry     beta= 0.50
     Davidson diagonalization with overlap 

---- Real-time Memory Report at c_bands before calling an iterative solver
           186 MiB given to the printing process from OS
             0 MiB allocation reported by mallinfo(arena+hblkhd)
          3384 MiB available memory on the node where the printing process lives
------------------
     ethr =  1.70E-05,  avg # of iterations =  5.0

     total energy              =    -253.45579529 Ry
     Harris-Foulkes estimate   =    -253.45628339 Ry
     estimated scf accuracy    <       0.00137475 Ry

     total magnetization       =     1.00 Bohr mag/cell
     absolute magnetization    =     1.09 Bohr mag/cell

     iteration #  5     ecut=    80.00 Ry     beta= 0.50
     Davidson diagonalization with overlap 

---- Real-time Memory Report at c_bands before calling an iterative solver
           193 MiB given to the printing process from OS
             0 MiB allocation reported by mallinfo(arena+hblkhd)
          3344 MiB available memory on the node where the printing process lives
------------------
     ethr =  4.17E-06,  avg # of iterations =  3.0

     total energy              =    -253.45604757 Ry
     Harris-Foulkes estimate   =    -253.45604772 Ry
     estimated scf accuracy    <       0.00008677 Ry

     total magnetization       =     1.00 Bohr mag/cell
     absolute magnetization    =     1.09 Bohr mag/cell

     iteration #  6     ecut=    80.00 Ry     beta= 0.50
     Davidson diagonalization with overlap 

---- Real-time Memory Report at c_bands before calling an iterative solver
           200 MiB given to the printing process from OS
             0 MiB allocation reported by mallinfo(arena+hblkhd)
          3310 MiB available memory on the node where the printing process lives
------------------
     ethr =  2.63E-07,  avg # of iterations =  4.0

     total energy              =    -253.45605199 Ry
     Harris-Foulkes estimate   =    -253.45608585 Ry
     estimated scf accuracy    <       0.00010439 Ry

     total magnetization       =     1.00 Bohr mag/cell
     absolute magnetization    =     1.09 Bohr mag/cell

     iteration #  7     ecut=    80.00 Ry     beta= 0.50
     Davidson diagonalization with overlap 

---- Real-time Memory Report at c_bands before calling an iterative solver
           206 MiB given to the printing process from OS
             0 MiB allocation reported by mallinfo(arena+hblkhd)
          3259 MiB available memory on the node where the printing process lives
------------------
     ethr =  2.63E-07,  avg # of iterations =  4.0

     total energy              =    -253.45607035 Ry
     Harris-Foulkes estimate   =    -253.45607049 Ry
     estimated scf accuracy    <       0.00000108 Ry

     total magnetization       =     1.00 Bohr mag/cell
     absolute magnetization    =     1.09 Bohr mag/cell

     iteration #  8     ecut=    80.00 Ry     beta= 0.50
     Davidson diagonalization with overlap 

---- Real-time Memory Report at c_bands before calling an iterative solver
           213 MiB given to the printing process from OS
             0 MiB allocation reported by mallinfo(arena+hblkhd)
          3221 MiB available memory on the node where the printing process lives
------------------
     ethr =  3.29E-09,  avg # of iterations =  2.5

     total energy              =    -253.45607037 Ry
     Harris-Foulkes estimate   =    -253.45607059 Ry
     estimated scf accuracy    <       0.00000061 Ry

     total magnetization       =     1.00 Bohr mag/cell
     absolute magnetization    =     1.09 Bohr mag/cell

     iteration #  9     ecut=    80.00 Ry     beta= 0.50
     Davidson diagonalization with overlap 

---- Real-time Memory Report at c_bands before calling an iterative solver
           219 MiB given to the printing process from OS
             0 MiB allocation reported by mallinfo(arena+hblkhd)
          3178 MiB available memory on the node where the printing process lives
------------------
     ethr =  1.85E-09,  avg # of iterations =  4.0

     total energy              =    -253.45607050 Ry
     Harris-Foulkes estimate   =    -253.45607051 Ry
     estimated scf accuracy    <       0.00000005 Ry

     total magnetization       =     1.00 Bohr mag/cell
     absolute magnetization    =     1.09 Bohr mag/cell

     iteration # 10     ecut=    80.00 Ry     beta= 0.50
     Davidson diagonalization with overlap 

---- Real-time Memory Report at c_bands before calling an iterative solver
           226 MiB given to the printing process from OS
             0 MiB allocation reported by mallinfo(arena+hblkhd)
          3130 MiB available memory on the node where the printing process lives
------------------
     ethr =  1.62E-10,  avg # of iterations =  2.5

     total energy              =    -253.45607050 Ry
     Harris-Foulkes estimate   =    -253.45607051 Ry
     estimated scf accuracy    <       0.00000001 Ry

     total magnetization       =     1.00 Bohr mag/cell
     absolute magnetization    =     1.09 Bohr mag/cell

     iteration # 11     ecut=    80.00 Ry     beta= 0.50
     Davidson diagonalization with overlap 

---- Real-time Memory Report at c_bands before calling an iterative solver
           226 MiB given to the printing process from OS
             0 MiB allocation reported by mallinfo(arena+hblkhd)
          3204 MiB available memory on the node where the printing process lives
------------------
     ethr =  3.30E-11,  avg # of iterations =  4.0

     End of self-consistent calculation

 ------ SPIN UP ------------


          k = 0.0000 0.0000 0.0000 ( 81313 PWs)   bands (ev):

   -60.5314 -37.3652 -37.2816 -36.7520 -26.6215 -26.1330 -26.1326  -8.8979
    -8.8971  -8.8757  -8.2546  -8.2511  -7.9290  -7.7955  -7.7938  -7.5575
    -3.1536

     occupation numbers 
     1.0000   1.0000   1.0000   1.0000   1.0000   1.0000   1.0000   1.0000
     1.0000   1.0000   1.0000   1.0000   1.0000   1.0000   1.0000   1.0000
     1.0000

 ------ SPIN DOWN ----------


          k = 0.0000 0.0000 0.0000 ( 81313 PWs)   bands (ev):

   -60.0976 -37.0130 -36.9599 -36.1422 -26.6338 -26.1323 -26.1318  -8.8676
    -8.8667  -8.8358  -8.2381  -8.2346  -7.9213  -7.7977  -7.7961  -7.5685
    -1.9907

     occupation numbers 
     1.0000   1.0000   1.0000   1.0000   1.0000   1.0000   1.0000   1.0000
     1.0000   1.0000   1.0000   1.0000   1.0000   1.0000   1.0000   1.0000
     0.0000

     highest occupied, lowest unoccupied level (ev):    -3.1536   -1.9907

!    total energy              =    -253.45607050 Ry
     Harris-Foulkes estimate   =    -253.45607050 Ry
     estimated scf accuracy    <          1.2E-09 Ry

     total magnetization       =     1.00 Bohr mag/cell
     absolute magnetization    =     1.09 Bohr mag/cell

     convergence has been achieved in  11 iterations
     Computing du/dk (single point)
     k-point:   1    occ= 17
           1   1.0000000000000002     
           1   1.0000000000000002     
           2   1.0000000000000002     
           2   1.0000000000000002     
           3   1.0000000000000002     
           3   1.0000000000000002     
     k-point:   2    occ= 16
           1   1.0000000000000002     
           1   1.0000000000000002     
           2   1.0000000000000002     
           2   1.0000000000000002     
           3   1.0000000000000002     
           3   1.0000000000000002     
     done with du/dk   q_gipaw = 0.010000

     Computing the orbital magnetization (bohr mag/cell):
BC: k-point:    1  pool:   1        0.000071    0.000000   -0.000000
LC: k-point:    1  pool:   1       -0.015695   -0.000000    0.000000
IC: k-point:    1  pool:   1       -0.000286    0.000000    0.000000
BC: k-point:    2  pool:   1       -0.000014    0.000000    0.000000
LC: k-point:    2  pool:   1        0.005158    0.000000    0.000000
IC: k-point:    2  pool:   1        0.001732    0.000000   -0.000000

     SPIN-ORBIT:
     lambda_so          =       1.000000      0.000000      0.000000

     Berry curvature    =       0.000057      0.000000     -0.000000
     Fermi energy       =      -0.394028 rydberg

     NUCLEAR DIPOLE ON ATOM   1:
     m_0                =       0.000000      0.000000      0.000000

     (without Berry curvature term)
     M_LC               =      -0.021074     -0.000000      0.000000
     M_IC               =      -0.014025     -0.000000      0.000000
     Delta_M_bare       =      -0.001880     -0.000000      0.000000
     Delta_M_para       =       0.000691     -0.000000     -0.000000
     Delta_M_dia        =       0.000032      0.000000      0.000000
     M_tot              =      -0.036256     -0.000000      0.000000

     (with Berry curvature term)
     M_LC               =      -0.021052     -0.000000      0.000000
     M_IC               =      -0.014003     -0.000000      0.000000
     Delta_M            =      -0.001157     -0.000000      0.000000
     M_tot              =      -0.036211     -0.000000      0.000000

     SPIN-ORBIT:
     lambda_so          =       1.000000      0.000000      0.000000
     unpaired electrons =          1
     Contributions to the g-tensor (ppm):
     delta_g RMC        =      -195.2257
     delta_g RMC(GIPAW) =      -130.4420
     delta_g SO         =    -36211.4831       -0.0000        0.0000

     delta_g total      =    -36537.1508       -0.0000        0.0000

     QE-CONVERSE  :   1m14.19s CPU   1m17.20s WALL


   This run was terminated on:  17:26:39  21Nov2024            

=------------------------------------------------------------------------------=
   JOB DONE.
=------------------------------------------------------------------------------=
     Initialization:

     read_file    :      0.99s CPU      1.13s WALL (       1 calls)
     gipaw_setup  :      0.06s CPU      0.08s WALL (       1 calls)
     wfcinit      :      0.03s CPU      0.05s WALL (       1 calls)
     hinit0       :      0.10s CPU      0.10s WALL (       1 calls)
     potinit      :      0.48s CPU      0.54s WALL (       1 calls)

     SCF calculation:

     electrons    :     55.47s CPU     57.67s WALL (       1 calls)
     h_psi        :     54.99s CPU     56.90s WALL (     314 calls)
     add_so_valen :     28.98s CPU     30.04s WALL (    1428 calls)
     add_so_Fnl   :      9.36s CPU      9.39s WALL (     314 calls)

     g-tensor:

     compute_dudk :      3.39s CPU      3.67s WALL (       1 calls)
     orbital_magn :     13.39s CPU     13.69s WALL (       1 calls)
